2025-11-04 15:17:11 [INFO] [1m=== daily_crawl μ‹μ‘ @ 2025-11-04T15:17:11.978505 ===[0m
2025-11-04 15:17:11 [INFO] [2mμΉ΄ν…κ³ λ¦¬ μ¤ν¬λ¦½νΈ μµκ·Ό μ‹¤ν–‰ μ‹κ°: 2025-11-04T15:16:45.444494 (μ£Ό 7ν μ •μ±…μΌλ΅ μ΄λ² μ£ΌκΈ° κ±΄λ„λ€)[0m
2025-11-04 15:17:11 [INFO] [1m=== π” ν¬λ΅¤ λ£¨ν”„ 1/2 μ‹μ‘ ===[0m
2025-11-04 15:17:11 [INFO] [2mμ£ΌκΈ° μ΅°κ±΄μ— λ”°λΌ μΉ΄ν…κ³ λ¦¬ μ¤ν¬λ¦½νΈλ¥Ό κ±΄λ„λλ‹λ‹¤: /home/runner/work/crawd/crawd/workflowP/craw/category/craw_danawa_all_categories.py[0m
2025-11-04 15:17:11 [INFO] [34m=== μ¤ν¬λ¦½νΈ μ‹¤ν–‰ μ‹μ‘[1/3]: /home/runner/work/crawd/crawd/workflowP/craw/items/A_link_filter.py @ 2025-11-04T15:17:11.978882 ===[0m
2025-11-04 15:17:12 [INFO] μ΄ 6811κ° (prefix=https://prod.danawa.com/list/?cate=, exclude=λ΅μΌ“λ°°μ†΅κ΄€)
2025-11-04 15:17:12 [INFO] [32m=== μ¤ν¬λ¦½νΈ μ‹¤ν–‰ μΆ…λ£: /home/runner/work/crawd/crawd/workflowP/craw/items/A_link_filter.py (μ„±κ³µ) @ 2025-11-04T15:17:12.036208 ===[0m
2025-11-04 15:17:12 [INFO] [34m=== μ¤ν¬λ¦½νΈ μ‹¤ν–‰ μ‹μ‘[1/3]: /home/runner/work/crawd/crawd/workflowP/craw/items/B_in_link_get_items.py @ 2025-11-04T15:17:12.036344 ===[0m
2025-11-04 15:17:12 [INFO] 15:17:12 [INFO][MainProcess] μ΄ 6811κ° μ¤‘ μƒμ„ 6792κ° λ§ν¬ λ³‘λ ¬ μ κ²€ μ‹μ‘ (μ΄μ „ μ™„λ£ 5239κ° μ¤ν‚µ)
2025-11-04 15:17:12 [INFO] 15:17:12 [INFO][MainProcess] κ° ν”„λ΅μ„Έμ¤λ‹Ή 10κ° λ§ν¬ μ²λ¦¬ μμ •
2025-11-04 15:17:57 [INFO] 15:17:57 [WARNING][ForkPoolWorker-3] λ©λ΅ν• λ³΄κΈ° νƒ­μ„ μ°Ύμ§€ λ»ν–μµλ‹λ‹¤ (url=https://prod.danawa.com/list/?cate=17340339&15main_17_03): TimeoutException
2025-11-04 15:18:03 [INFO] 15:18:03 [WARNING][ForkPoolWorker-2] λ©λ΅ν• λ³΄κΈ° νƒ­μ„ μ°Ύμ§€ λ»ν–μµλ‹λ‹¤ (url=https://prod.danawa.com/list/?cate=11239374&15main_11_02): TimeoutException
2025-11-04 15:18:25 [INFO] 15:18:25 [WARNING][ForkPoolWorker-3] λ©λ΅ν• λ³΄κΈ° νƒ­μ„ μ°Ύμ§€ λ»ν–μµλ‹λ‹¤ (url=https://prod.danawa.com/list/?cate=17339848&15main_17_03): TimeoutException
2025-11-04 15:18:36 [INFO] 15:18:36 [WARNING][ForkPoolWorker-2] λ©λ΅ν• λ³΄κΈ° νƒ­μ„ μ°Ύμ§€ λ»ν–μµλ‹λ‹¤ (url=https://prod.danawa.com/list/?cate=11330082&15main_11_03): TimeoutException
2025-11-04 15:18:53 [INFO] 15:18:53 [WARNING][ForkPoolWorker-3] λ©λ΅ν• λ³΄κΈ° νƒ­μ„ μ°Ύμ§€ λ»ν–μµλ‹λ‹¤ (url=https://prod.danawa.com/list/?cate=17331086&15main_17_03): TimeoutException
2025-11-04 15:19:05 [INFO] 15:19:05 [WARNING][ForkPoolWorker-2] λ©λ΅ν• λ³΄κΈ° νƒ­μ„ μ°Ύμ§€ λ»ν–μµλ‹λ‹¤ (url=https://prod.danawa.com/list/?cate=11340155&15main_11_03): TimeoutException
2025-11-04 15:19:20 [INFO] 15:19:20 [WARNING][ForkPoolWorker-3] λ©λ΅ν• λ³΄κΈ° νƒ­μ„ μ°Ύμ§€ λ»ν–μµλ‹λ‹¤ (url=https://prod.danawa.com/list/?cate=1734592&15main_17_03): TimeoutException
2025-11-04 15:19:37 [INFO] 15:19:37 [WARNING][ForkPoolWorker-2] λ©λ΅ν• λ³΄κΈ° νƒ­μ„ μ°Ύμ§€ λ»ν–μµλ‹λ‹¤ (url=https://prod.danawa.com/list/?cate=12335701&15main_12_03): TimeoutException
2025-11-04 15:19:47 [INFO] 15:19:47 [WARNING][ForkPoolWorker-3] λ©λ΅ν• λ³΄κΈ° νƒ­μ„ μ°Ύμ§€ λ»ν–μµλ‹λ‹¤ (url=https://prod.danawa.com/list/?cate=1734597&15main_17_03): TimeoutException
2025-11-04 15:20:14 [INFO] 15:20:14 [WARNING][ForkPoolWorker-3] λ©λ΅ν• λ³΄κΈ° νƒ­μ„ μ°Ύμ§€ λ»ν–μµλ‹λ‹¤ (url=https://prod.danawa.com/list/?cate=1734588&15main_17_03): TimeoutException
2025-11-04 15:20:41 [INFO] 15:20:41 [WARNING][ForkPoolWorker-3] λ©λ΅ν• λ³΄κΈ° νƒ­μ„ μ°Ύμ§€ λ»ν–μµλ‹λ‹¤ (url=https://prod.danawa.com/list/?cate=17338040&15main_17_03): TimeoutException
2025-11-04 15:21:08 [INFO] 15:21:08 [WARNING][ForkPoolWorker-3] λ©λ΅ν• λ³΄κΈ° νƒ­μ„ μ°Ύμ§€ λ»ν–μµλ‹λ‹¤ (url=https://prod.danawa.com/list/?cate=1734589&15main_17_03): TimeoutException
2025-11-04 15:21:35 [INFO] 15:21:35 [WARNING][ForkPoolWorker-3] λ©λ΅ν• λ³΄κΈ° νƒ­μ„ μ°Ύμ§€ λ»ν–μµλ‹λ‹¤ (url=https://prod.danawa.com/list/?cate=1734590&15main_17_03): TimeoutException
2025-11-04 15:21:38 [INFO] 15:21:38 [WARNING][ForkPoolWorker-2] λ©λ΅ν• λ³΄κΈ° νƒ­μ„ μ°Ύμ§€ λ»ν–μµλ‹λ‹¤ (url=https://prod.danawa.com/list/?cate=17325969&15main_17_03): TimeoutException
2025-11-04 15:21:51 [INFO] [33m15:21:51 [INFO][MainProcess] π’Ύ μ²΄ν¬ν¬μΈνΈ μ €μ¥ (5242κ°) β†’ /home/runner/work/crawd/crawd/workflowP/craw/data/quick_text_probe_parallel[0m
2025-11-04 15:22:15 [INFO] 15:22:15 [INFO][ForkPoolWorker-3] β… 27κ° μ™„λ£ | μ§„ν–‰λ„ [20   / 1553] - κ°€λ°©
2025-11-04 15:23:10 [INFO] 15:23:10 [INFO][ForkPoolWorker-2] β… 27κ° μ™„λ£ | μ§„ν–‰λ„ [21   / 1553] - μκΈ/μ¥¬μ–Όλ¦¬
2025-11-04 15:23:40 [INFO] 15:23:40 [INFO][ForkPoolWorker-3] β… 27κ° μ™„λ£ | μ§„ν–‰λ„ [31   / 1553] - μκΈ/μ¥¬μ–Όλ¦¬
2025-11-04 15:24:03 [INFO] 15:24:03 [INFO][ForkPoolWorker-2] β… 27κ° μ™„λ£ | μ§„ν–‰λ„ [22   / 1553] - μκΈ/μ¥¬μ–Όλ¦¬
2025-11-04 15:24:48 [INFO] 15:24:48 [INFO][ForkPoolWorker-2] β… 27κ° μ™„λ£ | μ§„ν–‰λ„ [23   / 1553] - μκΈ/μ¥¬μ–Όλ¦¬
2025-11-04 15:25:22 [INFO] 15:25:22 [INFO][ForkPoolWorker-3] β… 27κ° μ™„λ£ | μ§„ν–‰λ„ [32   / 1553] - μκΈ/μ¥¬μ–Όλ¦¬
2025-11-04 15:25:49 [INFO] 15:25:49 [INFO][ForkPoolWorker-2] β… 27κ° μ™„λ£ | μ§„ν–‰λ„ [24   / 1553] - μκΈ/μ¥¬μ–Όλ¦¬
2025-11-04 15:26:59 [INFO] 15:26:59 [INFO][ForkPoolWorker-3] β… 27κ° μ™„λ£ | μ§„ν–‰λ„ [33   / 1553] - μκΈ/μ¥¬μ–Όλ¦¬
2025-11-04 15:27:26 [INFO] 15:27:26 [INFO][ForkPoolWorker-3] β… 5κ° μ™„λ£ | μ§„ν–‰λ„ [34   / 1553] - μκΈ/μ¥¬μ–Όλ¦¬
2025-11-04 15:27:41 [INFO] 15:27:41 [INFO][ForkPoolWorker-2] β… 27κ° μ™„λ£ | μ§„ν–‰λ„ [25   / 1553] - μκΈ/μ¥¬μ–Όλ¦¬
2025-11-04 15:28:43 [INFO] 15:28:43 [INFO][ForkPoolWorker-3] β… 27κ° μ™„λ£ | μ§„ν–‰λ„ [35   / 1553] - μκΈ/μ¥¬μ–Όλ¦¬
2025-11-04 15:29:21 [INFO] 15:29:21 [INFO][ForkPoolWorker-2] β… 27κ° μ™„λ£ | μ§„ν–‰λ„ [26   / 1553] - μκΈ/μ¥¬μ–Όλ¦¬
2025-11-04 15:29:59 [INFO] 15:29:59 [INFO][ForkPoolWorker-2] β… 27κ° μ™„λ£ | μ§„ν–‰λ„ [27   / 1553] - μκΈ/μ¥¬μ–Όλ¦¬
2025-11-04 15:30:18 [INFO] 15:30:18 [INFO][ForkPoolWorker-3] β… 27κ° μ™„λ£ | μ§„ν–‰λ„ [37   / 1553] - μκΈ/μ¥¬μ–Όλ¦¬
2025-11-04 15:30:52 [INFO] 15:30:52 [INFO][ForkPoolWorker-2] β… 27κ° μ™„λ£ | μ§„ν–‰λ„ [28   / 1553] - μκΈ/μ¥¬μ–Όλ¦¬
2025-11-04 15:31:54 [INFO] 15:31:54 [INFO][ForkPoolWorker-3] β… 27κ° μ™„λ£ | μ§„ν–‰λ„ [38   / 1553] - μκΈ/μ¥¬μ–Όλ¦¬
2025-11-04 15:32:13 [INFO] 15:32:13 [INFO][ForkPoolWorker-2] β… 27κ° μ™„λ£ | μ§„ν–‰λ„ [29   / 1553] - μκΈ/μ¥¬μ–Όλ¦¬
2025-11-04 15:33:08 [INFO] 15:33:08 [INFO][ForkPoolWorker-3] β… 27κ° μ™„λ£ | μ§„ν–‰λ„ [39   / 1553] - μκΈ/μ¥¬μ–Όλ¦¬
2025-11-04 15:34:03 [INFO] 15:34:03 [INFO][ForkPoolWorker-2] β… 27κ° μ™„λ£ | μ§„ν–‰λ„ [30   / 1553] - μκΈ/μ¥¬μ–Όλ¦¬
2025-11-04 15:34:03 [INFO] [33m15:34:03 [INFO][MainProcess] π’Ύ μ²΄ν¬ν¬μΈνΈ μ €μ¥ (5253κ°) β†’ /home/runner/work/crawd/crawd/workflowP/craw/data/quick_text_probe_parallel[0m
2025-11-04 15:34:21 [INFO] 15:34:21 [INFO][ForkPoolWorker-3] β… 27κ° μ™„λ£ | μ§„ν–‰λ„ [40   / 1553] - μκΈ/μ¥¬μ–Όλ¦¬
2025-11-04 15:35:00 [INFO] 15:35:00 [INFO][ForkPoolWorker-2] β… 27κ° μ™„λ£ | μ§„ν–‰λ„ [41   / 1553] - μκΈ/μ¥¬μ–Όλ¦¬
2025-11-04 15:36:15 [INFO] 15:36:15 [INFO][ForkPoolWorker-3] β… 27κ° μ™„λ£ | μ§„ν–‰λ„ [51   / 1553] - μ§€κ°‘/μ΅ν™”
2025-11-04 15:36:45 [INFO] 15:36:45 [INFO][ForkPoolWorker-2] β… 27κ° μ™„λ£ | μ§„ν–‰λ„ [42   / 1553] - μκΈ/μ¥¬μ–Όλ¦¬
2025-11-04 15:37:28 [INFO] 15:37:28 [INFO][ForkPoolWorker-3] β… 27κ° μ™„λ£ | μ§„ν–‰λ„ [52   / 1553] - μ§€κ°‘/μ΅ν™”
2025-11-04 15:38:06 [INFO] 15:38:06 [INFO][ForkPoolWorker-3] β… 27κ° μ™„λ£ | μ§„ν–‰λ„ [53   / 1553] - μ§€κ°‘/μ΅ν™”
2025-11-04 15:38:40 [INFO] 15:38:40 [INFO][ForkPoolWorker-2] β… 27κ° μ™„λ£ | μ§„ν–‰λ„ [43   / 1553] - μκΈ/μ¥¬μ–Όλ¦¬
2025-11-04 15:39:23 [INFO] 15:39:23 [INFO][ForkPoolWorker-3] β… 27κ° μ™„λ£ | μ§„ν–‰λ„ [54   / 1553] - μ§€κ°‘/μ΅ν™”
2025-11-04 15:39:30 [INFO] 15:39:30 [INFO][ForkPoolWorker-2] β… 27κ° μ™„λ£ | μ§„ν–‰λ„ [44   / 1553] - μ§€κ°‘/μ΅ν™”
2025-11-04 15:39:49 [INFO] 15:39:49 [INFO][ForkPoolWorker-3] β… 27κ° μ™„λ£ | μ§„ν–‰λ„ [55   / 1553] - μ§€κ°‘/μ΅ν™”
2025-11-04 15:39:59 [INFO] 15:39:59 [INFO][ForkPoolWorker-2] β… 27κ° μ™„λ£ | μ§„ν–‰λ„ [45   / 1553] - μ§€κ°‘/μ΅ν™”
2025-11-04 15:40:32 [INFO] 15:40:32 [INFO][ForkPoolWorker-3] β… 27κ° μ™„λ£ | μ§„ν–‰λ„ [56   / 1553] - μ§€κ°‘/μ΅ν™”
2025-11-04 15:40:49 [INFO] 15:40:49 [INFO][ForkPoolWorker-2] β… 27κ° μ™„λ£ | μ§„ν–‰λ„ [46   / 1553] - μ§€κ°‘/μ΅ν™”
2025-11-04 15:41:13 [INFO] 15:41:13 [INFO][ForkPoolWorker-3] β… 27κ° μ™„λ£ | μ§„ν–‰λ„ [57   / 1553] - μ§€κ°‘/μ΅ν™”
2025-11-04 15:42:14 [INFO] 15:42:14 [INFO][ForkPoolWorker-2] β… 27κ° μ™„λ£ | μ§„ν–‰λ„ [47   / 1553] - μ§€κ°‘/μ΅ν™”
2025-11-04 15:42:31 [INFO] 15:42:31 [INFO][ForkPoolWorker-3] β… 27κ° μ™„λ£ | μ§„ν–‰λ„ [58   / 1553] - μ§€κ°‘/μ΅ν™”
2025-11-04 15:43:35 [INFO] 15:43:35 [INFO][ForkPoolWorker-2] β… 27κ° μ™„λ£ | μ§„ν–‰λ„ [48   / 1553] - μ§€κ°‘/μ΅ν™”
2025-11-04 15:44:17 [INFO] 15:44:17 [INFO][ForkPoolWorker-3] β… 27κ° μ™„λ£ | μ§„ν–‰λ„ [59   / 1553] - μ§€κ°‘/μ΅ν™”
2025-11-04 15:44:41 [INFO] 15:44:41 [INFO][ForkPoolWorker-2] β… 27κ° μ™„λ£ | μ§„ν–‰λ„ [49   / 1553] - μ§€κ°‘/μ΅ν™”
2025-11-04 15:45:07 [INFO] 15:45:07 [INFO][ForkPoolWorker-3] β… 27κ° μ™„λ£ | μ§„ν–‰λ„ [60   / 1553] - μ§€κ°‘/μ΅ν™”
2025-11-04 15:45:07 [INFO] [33m15:45:07 [INFO][MainProcess] π’Ύ μ²΄ν¬ν¬μΈνΈ μ €μ¥ (5272κ°) β†’ /home/runner/work/crawd/crawd/workflowP/craw/data/quick_text_probe_parallel[0m
2025-11-04 15:45:19 [INFO] 15:45:19 [INFO][ForkPoolWorker-2] β… 27κ° μ™„λ£ | μ§„ν–‰λ„ [50   / 1553] - μ§€κ°‘/μ΅ν™”
2025-11-04 15:45:20 [INFO] [33m15:45:20 [INFO][MainProcess] π’Ύ μ²΄ν¬ν¬μΈνΈ μ €μ¥ (5282κ°) β†’ /home/runner/work/crawd/crawd/workflowP/craw/data/quick_text_probe_parallel[0m
2025-11-04 15:45:56 [INFO] 15:45:56 [INFO][ForkPoolWorker-2] β… 27κ° μ™„λ£ | μ§„ν–‰λ„ [71   / 1553] - λ‚¨μ„±μλ¥
2025-11-04 15:45:57 [INFO] 15:45:57 [INFO][ForkPoolWorker-3] β… 27κ° μ™„λ£ | μ§„ν–‰λ„ [61   / 1553] - μ§€κ°‘/μ΅ν™”
2025-11-04 15:46:42 [INFO] 15:46:42 [INFO][ForkPoolWorker-3] β… 27κ° μ™„λ£ | μ§„ν–‰λ„ [62   / 1553] - μ§€κ°‘/μ΅ν™”
2025-11-04 15:47:01 [INFO] 15:47:01 [INFO][ForkPoolWorker-2] β… 27κ° μ™„λ£ | μ§„ν–‰λ„ [72   / 1553] - λ‚¨μ„±μλ¥
2025-11-04 15:47:36 [INFO] 15:47:36 [INFO][ForkPoolWorker-3] β… 27κ° μ™„λ£ | μ§„ν–‰λ„ [63   / 1553] - μ§€κ°‘/μ΅ν™”
2025-11-04 15:47:39 [INFO] 15:47:39 [INFO][ForkPoolWorker-2] β… 27κ° μ™„λ£ | μ§„ν–‰λ„ [73   / 1553] - λ‚¨μ„±μλ¥
2025-11-04 15:48:25 [INFO] 15:48:25 [INFO][ForkPoolWorker-3] β… 27κ° μ™„λ£ | μ§„ν–‰λ„ [64   / 1553] - μ§€κ°‘/μ΅ν™”
2025-11-04 15:48:53 [INFO] 15:48:53 [INFO][ForkPoolWorker-2] β… 27κ° μ™„λ£ | μ§„ν–‰λ„ [74   / 1553] - λ‚¨μ„±μλ¥
2025-11-04 15:49:28 [INFO] 15:49:28 [INFO][ForkPoolWorker-2] β… 27κ° μ™„λ£ | μ§„ν–‰λ„ [75   / 1553] - λ‚¨μ„±μλ¥
2025-11-04 15:50:06 [INFO] 15:50:06 [INFO][ForkPoolWorker-2] β… 27κ° μ™„λ£ | μ§„ν–‰λ„ [76   / 1553] - λ‚¨μ„±μλ¥
2025-11-04 15:50:14 [INFO] 15:50:14 [INFO][ForkPoolWorker-3] β… 27κ° μ™„λ£ | μ§„ν–‰λ„ [65   / 1553] - μ§€κ°‘/μ΅ν™”
2025-11-04 15:50:33 [INFO] 15:50:33 [INFO][ForkPoolWorker-2] β… 27κ° μ™„λ£ | μ§„ν–‰λ„ [77   / 1553] - λ‚¨μ„±μλ¥
2025-11-04 15:50:55 [INFO] 15:50:55 [INFO][ForkPoolWorker-3] β… 27κ° μ™„λ£ | μ§„ν–‰λ„ [66   / 1553] - μ§€κ°‘/μ΅ν™”
2025-11-04 15:51:03 [INFO] 15:51:03 [INFO][ForkPoolWorker-2] β… 27κ° μ™„λ£ | μ§„ν–‰λ„ [78   / 1553] - λ‚¨μ„±μλ¥
2025-11-04 15:51:43 [INFO] 15:51:43 [INFO][ForkPoolWorker-3] β… 27κ° μ™„λ£ | μ§„ν–‰λ„ [67   / 1553] - μ§€κ°‘/μ΅ν™”
2025-11-04 15:51:54 [INFO] 15:51:54 [INFO][ForkPoolWorker-2] β… 27κ° μ™„λ£ | μ§„ν–‰λ„ [79   / 1553] - λ‚¨μ„±μλ¥
2025-11-04 15:52:57 [INFO] 15:52:57 [INFO][ForkPoolWorker-3] β… 27κ° μ™„λ£ | μ§„ν–‰λ„ [68   / 1553] - μ§€κ°‘/μ΅ν™”
2025-11-04 15:53:45 [INFO] 15:53:45 [INFO][ForkPoolWorker-2] β… 27κ° μ™„λ£ | μ§„ν–‰λ„ [80   / 1553] - λ‚¨μ„±μλ¥
2025-11-04 15:53:45 [INFO] [33m15:53:45 [INFO][MainProcess] π’Ύ μ²΄ν¬ν¬μΈνΈ μ €μ¥ (5292κ°) β†’ /home/runner/work/crawd/crawd/workflowP/craw/data/quick_text_probe_parallel[0m
2025-11-04 15:54:20 [INFO] 15:54:20 [INFO][ForkPoolWorker-3] β… 27κ° μ™„λ£ | μ§„ν–‰λ„ [69   / 1553] - μ§€κ°‘/μ΅ν™”
2025-11-04 15:54:21 [INFO] 15:54:21 [INFO][ForkPoolWorker-2] β… 27κ° μ™„λ£ | μ§„ν–‰λ„ [81   / 1553] - λ‚¨μ„±μλ¥
2025-11-04 15:54:50 [INFO] 15:54:50 [INFO][ForkPoolWorker-3] β… 27κ° μ™„λ£ | μ§„ν–‰λ„ [70   / 1553] - μ§€κ°‘/μ΅ν™”
2025-11-04 15:54:51 [INFO] [33m15:54:51 [INFO][MainProcess] π’Ύ μ²΄ν¬ν¬μΈνΈ μ €μ¥ (5302κ°) β†’ /home/runner/work/crawd/crawd/workflowP/craw/data/quick_text_probe_parallel[0m
2025-11-04 15:55:11 [INFO] 15:55:11 [INFO][ForkPoolWorker-2] β… 27κ° μ™„λ£ | μ§„ν–‰λ„ [82   / 1553] - λ‚¨μ„±μλ¥
2025-11-04 15:55:48 [INFO] 15:55:48 [INFO][ForkPoolWorker-3] β… 27κ° μ™„λ£ | μ§„ν–‰λ„ [91   / 1553] - λ‚¨μ„±μλ¥
2025-11-04 15:55:57 [INFO] 15:55:57 [INFO][ForkPoolWorker-2] β… 27κ° μ™„λ£ | μ§„ν–‰λ„ [83   / 1553] - λ‚¨μ„±μλ¥
2025-11-04 15:56:19 [INFO] 15:56:19 [INFO][ForkPoolWorker-2] β… 27κ° μ™„λ£ | μ§„ν–‰λ„ [84   / 1553] - λ‚¨μ„±μλ¥
2025-11-04 15:56:48 [INFO] 15:56:48 [INFO][ForkPoolWorker-2] β… 27κ° μ™„λ£ | μ§„ν–‰λ„ [85   / 1553] - λ‚¨μ„±μλ¥
2025-11-04 15:56:54 [INFO] 15:56:54 [INFO][ForkPoolWorker-3] β… 27κ° μ™„λ£ | μ§„ν–‰λ„ [92   / 1553] - λ‚¨μ„±μλ¥
2025-11-04 15:57:26 [INFO] 15:57:26 [INFO][ForkPoolWorker-2] β… 27κ° μ™„λ£ | μ§„ν–‰λ„ [86   / 1553] - λ‚¨μ„±μλ¥
2025-11-04 15:57:32 [INFO] 15:57:32 [INFO][ForkPoolWorker-3] β… 27κ° μ™„λ£ | μ§„ν–‰λ„ [93   / 1553] - λ‚¨μ„±μλ¥
2025-11-04 15:58:01 [INFO] 15:58:01 [INFO][ForkPoolWorker-3] β… 27κ° μ™„λ£ | μ§„ν–‰λ„ [94   / 1553] - λ‚¨μ„±μλ¥
2025-11-04 15:58:23 [INFO] 15:58:23 [INFO][ForkPoolWorker-3] β… 27κ° μ™„λ£ | μ§„ν–‰λ„ [95   / 1553] - λ‚¨μ„±μλ¥
2025-11-04 15:58:34 [INFO] 15:58:34 [INFO][ForkPoolWorker-2] β… 27κ° μ™„λ£ | μ§„ν–‰λ„ [87   / 1553] - λ‚¨μ„±μλ¥
2025-11-04 15:58:53 [INFO] 15:58:53 [INFO][ForkPoolWorker-3] β… 27κ° μ™„λ£ | μ§„ν–‰λ„ [96   / 1553] - λ‚¨μ„±μλ¥
2025-11-04 15:59:23 [INFO] 15:59:23 [INFO][ForkPoolWorker-3] β… 27κ° μ™„λ£ | μ§„ν–‰λ„ [97   / 1553] - λ‚¨μ„±μλ¥
2025-11-04 15:59:39 [INFO] 15:59:39 [INFO][ForkPoolWorker-2] β… 27κ° μ™„λ£ | μ§„ν–‰λ„ [88   / 1553] - λ‚¨μ„±μλ¥
2025-11-04 16:00:34 [INFO] 16:00:34 [INFO][ForkPoolWorker-2] β… 27κ° μ™„λ£ | μ§„ν–‰λ„ [89   / 1553] - λ‚¨μ„±μλ¥
2025-11-04 16:01:05 [INFO] 16:01:05 [INFO][ForkPoolWorker-3] β… 27κ° μ™„λ£ | μ§„ν–‰λ„ [98   / 1553] - λ‚¨μ„±μλ¥
2025-11-04 16:01:32 [INFO] 16:01:32 [INFO][ForkPoolWorker-2] β… 27κ° μ™„λ£ | μ§„ν–‰λ„ [90   / 1553] - λ‚¨μ„±μλ¥
2025-11-04 16:01:32 [INFO] [33m16:01:32 [INFO][MainProcess] π’Ύ μ²΄ν¬ν¬μΈνΈ μ €μ¥ (5312κ°) β†’ /home/runner/work/crawd/crawd/workflowP/craw/data/quick_text_probe_parallel[0m
2025-11-04 16:02:50 [INFO] 16:02:50 [INFO][ForkPoolWorker-3] β… 27κ° μ™„λ£ | μ§„ν–‰λ„ [99   / 1553] - λ‚¨μ„±μλ¥
2025-11-04 16:02:56 [INFO] 16:02:56 [INFO][ForkPoolWorker-2] β… 27κ° μ™„λ£ | μ§„ν–‰λ„ [101  / 1553] - λ‚¨μ„±μλ¥
2025-11-04 16:04:11 [INFO] 16:04:11 [INFO][ForkPoolWorker-2] β… 27κ° μ™„λ£ | μ§„ν–‰λ„ [102  / 1553] - λ‚¨μ„±μλ¥
2025-11-04 16:04:28 [INFO] 16:04:28 [INFO][ForkPoolWorker-3] β… 27κ° μ™„λ£ | μ§„ν–‰λ„ [100  / 1553] - λ‚¨μ„±μλ¥
2025-11-04 16:04:28 [INFO] [33m16:04:28 [INFO][MainProcess] π’Ύ μ²΄ν¬ν¬μΈνΈ μ €μ¥ (5322κ°) β†’ /home/runner/work/crawd/crawd/workflowP/craw/data/quick_text_probe_parallel[0m
2025-11-04 16:05:05 [INFO] 16:05:05 [INFO][ForkPoolWorker-2] β… 27κ° μ™„λ£ | μ§„ν–‰λ„ [103  / 1553] - λ‚¨μ„±μλ¥
2025-11-04 16:05:05 [INFO] 16:05:05 [INFO][ForkPoolWorker-3] β… 27κ° μ™„λ£ | μ§„ν–‰λ„ [111  / 1553] - λ‚¨μ„±μλ¥
2025-11-04 16:05:43 [INFO] 16:05:43 [INFO][ForkPoolWorker-3] β… 27κ° μ™„λ£ | μ§„ν–‰λ„ [112  / 1553] - λ‚¨μ„±μλ¥
2025-11-04 16:05:47 [INFO] 16:05:47 [INFO][ForkPoolWorker-2] β… 27κ° μ™„λ£ | μ§„ν–‰λ„ [104  / 1553] - λ‚¨μ„±μλ¥
2025-11-04 16:06:32 [INFO] 16:06:32 [INFO][ForkPoolWorker-2] β… 27κ° μ™„λ£ | μ§„ν–‰λ„ [105  / 1553] - λ‚¨μ„±μλ¥
2025-11-04 16:07:13 [INFO] 16:07:13 [INFO][ForkPoolWorker-2] β… 27κ° μ™„λ£ | μ§„ν–‰λ„ [106  / 1553] - λ‚¨μ„±μλ¥
2025-11-04 16:07:14 [INFO] 16:07:14 [INFO][ForkPoolWorker-3] β… 27κ° μ™„λ£ | μ§„ν–‰λ„ [113  / 1553] - λ‚¨μ„±μλ¥
2025-11-04 16:07:34 [INFO] 16:07:34 [INFO][ForkPoolWorker-2] β… 27κ° μ™„λ£ | μ§„ν–‰λ„ [107  / 1553] - λ‚¨μ„±μλ¥
2025-11-04 16:07:56 [INFO] 16:07:56 [INFO][ForkPoolWorker-2] β… 27κ° μ™„λ£ | μ§„ν–‰λ„ [108  / 1553] - λ‚¨μ„±μλ¥
2025-11-04 16:08:34 [INFO] 16:08:34 [INFO][ForkPoolWorker-2] β… 27κ° μ™„λ£ | μ§„ν–‰λ„ [109  / 1553] - λ‚¨μ„±μλ¥
2025-11-04 16:09:02 [INFO] 16:09:02 [INFO][ForkPoolWorker-3] β… 27κ° μ™„λ£ | μ§„ν–‰λ„ [114  / 1553] - λ‚¨μ„±μλ¥
2025-11-04 16:09:15 [INFO] 16:09:15 [INFO][ForkPoolWorker-2] β… 27κ° μ™„λ£ | μ§„ν–‰λ„ [110  / 1553] - λ‚¨μ„±μλ¥
2025-11-04 16:09:16 [INFO] [33m16:09:16 [INFO][MainProcess] π’Ύ μ²΄ν¬ν¬μΈνΈ μ €μ¥ (5332κ°) β†’ /home/runner/work/crawd/crawd/workflowP/craw/data/quick_text_probe_parallel[0m
2025-11-04 16:09:34 [INFO] 16:09:34 [INFO][ForkPoolWorker-3] β… 27κ° μ™„λ£ | μ§„ν–‰λ„ [115  / 1553] - λ‚¨μ„±μλ¥
2025-11-04 16:10:24 [INFO] 16:10:24 [INFO][ForkPoolWorker-3] β… 27κ° μ™„λ£ | μ§„ν–‰λ„ [116  / 1553] - λ‚¨μ„±μλ¥
2025-11-04 16:10:40 [INFO] 16:10:40 [INFO][ForkPoolWorker-2] β… 27κ° μ™„λ£ | μ§„ν–‰λ„ [121  / 1553] - λ‚¨μ„±μλ¥
2025-11-04 16:11:02 [INFO] 16:11:02 [INFO][ForkPoolWorker-3] β… 27κ° μ™„λ£ | μ§„ν–‰λ„ [117  / 1553] - λ‚¨μ„±μλ¥
2025-11-04 16:11:31 [INFO] 16:11:31 [INFO][ForkPoolWorker-3] β… 27κ° μ™„λ£ | μ§„ν–‰λ„ [118  / 1553] - λ‚¨μ„±μλ¥
2025-11-04 16:11:57 [INFO] 16:11:57 [INFO][ForkPoolWorker-3] β… 27κ° μ™„λ£ | μ§„ν–‰λ„ [119  / 1553] - λ‚¨μ„±μλ¥
2025-11-04 16:12:27 [INFO] 16:12:26 [INFO][ForkPoolWorker-3] β… 27κ° μ™„λ£ | μ§„ν–‰λ„ [120  / 1553] - λ‚¨μ„±μλ¥
2025-11-04 16:12:27 [INFO] [33m16:12:27 [INFO][MainProcess] π’Ύ μ²΄ν¬ν¬μΈνΈ μ €μ¥ (5342κ°) β†’ /home/runner/work/crawd/crawd/workflowP/craw/data/quick_text_probe_parallel[0m
2025-11-04 16:12:31 [INFO] 16:12:31 [INFO][ForkPoolWorker-2] β… 27κ° μ™„λ£ | μ§„ν–‰λ„ [122  / 1553] - λ‚¨μ„±μλ¥
2025-11-04 16:12:56 [INFO] 16:12:56 [INFO][ForkPoolWorker-3] β… 27κ° μ™„λ£ | μ§„ν–‰λ„ [131  / 1553] - λ‚¨μ„±μλ¥
2025-11-04 16:13:21 [INFO] 16:13:21 [INFO][ForkPoolWorker-3] β… 27κ° μ™„λ£ | μ§„ν–‰λ„ [132  / 1553] - λ‚¨μ„±μλ¥
2025-11-04 16:13:45 [INFO] 16:13:45 [INFO][ForkPoolWorker-2] β… 27κ° μ™„λ£ | μ§„ν–‰λ„ [123  / 1553] - λ‚¨μ„±μλ¥
2025-11-04 16:13:56 [INFO] 16:13:56 [INFO][ForkPoolWorker-2] β… 1κ° μ™„λ£ | μ§„ν–‰λ„ [124  / 1553] - λ‚¨μ„±μλ¥
2025-11-04 16:14:07 [INFO] 16:14:07 [INFO][ForkPoolWorker-3] β… 27κ° μ™„λ£ | μ§„ν–‰λ„ [133  / 1553] - λ‚¨μ„±μλ¥
2025-11-04 16:14:34 [INFO] 16:14:34 [INFO][ForkPoolWorker-2] β… 27κ° μ™„λ£ | μ§„ν–‰λ„ [125  / 1553] - λ‚¨μ„±μλ¥
2025-11-04 16:15:17 [INFO] 16:15:17 [INFO][ForkPoolWorker-2] β… 27κ° μ™„λ£ | μ§„ν–‰λ„ [126  / 1553] - λ‚¨μ„±μλ¥
2025-11-04 16:15:33 [INFO] 16:15:33 [INFO][ForkPoolWorker-3] β… 27κ° μ™„λ£ | μ§„ν–‰λ„ [134  / 1553] - λ‚¨μ„±μλ¥
2025-11-04 16:15:55 [INFO] 16:15:55 [INFO][ForkPoolWorker-2] β… 27κ° μ™„λ£ | μ§„ν–‰λ„ [127  / 1553] - λ‚¨μ„±μλ¥
2025-11-04 16:16:27 [INFO] 16:16:27 [INFO][ForkPoolWorker-3] β… 27κ° μ™„λ£ | μ§„ν–‰λ„ [135  / 1553] - λ‚¨μ„±μλ¥
2025-11-04 16:16:37 [INFO] 16:16:37 [INFO][ForkPoolWorker-2] β… 27κ° μ™„λ£ | μ§„ν–‰λ„ [128  / 1553] - λ‚¨μ„±μλ¥
2025-11-04 16:17:29 [INFO] 16:17:29 [INFO][ForkPoolWorker-3] β… 27κ° μ™„λ£ | μ§„ν–‰λ„ [136  / 1553] - λ‚¨μ„±μλ¥
2025-11-04 16:17:49 [INFO] 16:17:49 [INFO][ForkPoolWorker-2] β… 27κ° μ™„λ£ | μ§„ν–‰λ„ [129  / 1553] - λ‚¨μ„±μλ¥
2025-11-04 16:18:43 [INFO] 16:18:43 [INFO][ForkPoolWorker-3] β… 27κ° μ™„λ£ | μ§„ν–‰λ„ [137  / 1553] - λ‚¨μ„±μλ¥
2025-11-04 16:18:54 [INFO] 16:18:54 [INFO][ForkPoolWorker-2] β… 27κ° μ™„λ£ | μ§„ν–‰λ„ [130  / 1553] - λ‚¨μ„±μλ¥
2025-11-04 16:18:54 [INFO] [33m16:18:54 [INFO][MainProcess] π’Ύ μ²΄ν¬ν¬μΈνΈ μ €μ¥ (5352κ°) β†’ /home/runner/work/crawd/crawd/workflowP/craw/data/quick_text_probe_parallel[0m
2025-11-04 16:20:07 [INFO] 16:20:07 [INFO][ForkPoolWorker-2] β… 27κ° μ™„λ£ | μ§„ν–‰λ„ [141  / 1553] - λ‚¨μ„±μλ¥
2025-11-04 16:20:37 [INFO] 16:20:37 [INFO][ForkPoolWorker-3] β… 27κ° μ™„λ£ | μ§„ν–‰λ„ [138  / 1553] - λ‚¨μ„±μλ¥
2025-11-04 16:20:56 [INFO] 16:20:56 [INFO][ForkPoolWorker-2] β… 27κ° μ™„λ£ | μ§„ν–‰λ„ [142  / 1553] - λ‚¨μ„±μλ¥
2025-11-04 16:21:35 [INFO] 16:21:35 [INFO][ForkPoolWorker-3] β… 27κ° μ™„λ£ | μ§„ν–‰λ„ [139  / 1553] - λ‚¨μ„±μλ¥
2025-11-04 16:21:46 [INFO] 16:21:46 [INFO][ForkPoolWorker-2] β… 27κ° μ™„λ£ | μ§„ν–‰λ„ [143  / 1553] - λ‚¨μ„±μλ¥
2025-11-04 16:23:07 [INFO] 16:23:07 [INFO][ForkPoolWorker-2] β… 27κ° μ™„λ£ | μ§„ν–‰λ„ [144  / 1553] - λ‚¨μ„±μλ¥
2025-11-04 16:23:20 [INFO] 16:23:20 [INFO][ForkPoolWorker-3] β… 27κ° μ™„λ£ | μ§„ν–‰λ„ [140  / 1553] - λ‚¨μ„±μλ¥
2025-11-04 16:23:22 [INFO] [33m16:23:22 [INFO][MainProcess] π’Ύ μ²΄ν¬ν¬μΈνΈ μ €μ¥ (5362κ°) β†’ /home/runner/work/crawd/crawd/workflowP/craw/data/quick_text_probe_parallel[0m
2025-11-04 16:24:01 [INFO] 16:24:01 [INFO][ForkPoolWorker-2] β… 27κ° μ™„λ£ | μ§„ν–‰λ„ [145  / 1553] - λ‚¨μ„±μλ¥
2025-11-04 16:24:03 [INFO] 16:24:03 [INFO][ForkPoolWorker-3] β… 27κ° μ™„λ£ | μ§„ν–‰λ„ [151  / 1553] - μ—¬μ„±μλ¥
2025-11-04 16:25:00 [INFO] 16:25:00 [INFO][ForkPoolWorker-3] β… 27κ° μ™„λ£ | μ§„ν–‰λ„ [152  / 1553] - μ—¬μ„±μλ¥
2025-11-04 16:25:19 [INFO] 16:25:19 [INFO][ForkPoolWorker-2] β… 27κ° μ™„λ£ | μ§„ν–‰λ„ [146  / 1553] - λ‚¨μ„±μλ¥
2025-11-04 16:25:33 [INFO] 16:25:33 [INFO][ForkPoolWorker-3] β… 27κ° μ™„λ£ | μ§„ν–‰λ„ [153  / 1553] - μ—¬μ„±μλ¥
2025-11-04 16:25:44 [INFO] 16:25:44 [INFO][ForkPoolWorker-2] β… 27κ° μ™„λ£ | μ§„ν–‰λ„ [147  / 1553] - μ—¬μ„±μλ¥
2025-11-04 16:26:46 [INFO] 16:26:46 [INFO][ForkPoolWorker-2] β… 27κ° μ™„λ£ | μ§„ν–‰λ„ [148  / 1553] - μ—¬μ„±μλ¥
2025-11-04 16:26:53 [INFO] 16:26:53 [INFO][ForkPoolWorker-3] β… 27κ° μ™„λ£ | μ§„ν–‰λ„ [154  / 1553] - μ—¬μ„±μλ¥
2025-11-04 16:27:44 [INFO] 16:27:44 [INFO][ForkPoolWorker-2] β… 27κ° μ™„λ£ | μ§„ν–‰λ„ [149  / 1553] - μ—¬μ„±μλ¥
2025-11-04 16:28:21 [INFO] 16:28:21 [INFO][ForkPoolWorker-3] β… 27κ° μ™„λ£ | μ§„ν–‰λ„ [155  / 1553] - μ—¬μ„±μλ¥
2025-11-04 16:28:51 [INFO] 16:28:51 [INFO][ForkPoolWorker-2] β… 27κ° μ™„λ£ | μ§„ν–‰λ„ [150  / 1553] - μ—¬μ„±μλ¥
2025-11-04 16:28:52 [INFO] [33m16:28:52 [INFO][MainProcess] π’Ύ μ²΄ν¬ν¬μΈνΈ μ €μ¥ (5372κ°) β†’ /home/runner/work/crawd/crawd/workflowP/craw/data/quick_text_probe_parallel[0m
2025-11-04 16:29:16 [INFO] 16:29:16 [INFO][ForkPoolWorker-2] β… 27κ° μ™„λ£ | μ§„ν–‰λ„ [161  / 1553] - μ—¬μ„±μλ¥
2025-11-04 16:29:23 [INFO] 16:29:23 [INFO][ForkPoolWorker-3] β… 27κ° μ™„λ£ | μ§„ν–‰λ„ [156  / 1553] - μ—¬μ„±μλ¥
2025-11-04 16:29:33 [INFO] 16:29:33 [INFO][ForkPoolWorker-2] β… 27κ° μ™„λ£ | μ§„ν–‰λ„ [162  / 1553] - μ—¬μ„±μλ¥
2025-11-04 16:30:26 [INFO] 16:30:26 [INFO][ForkPoolWorker-2] β… 27κ° μ™„λ£ | μ§„ν–‰λ„ [163  / 1553] - μ—¬μ„±μλ¥
2025-11-04 16:31:08 [INFO] 16:31:08 [INFO][ForkPoolWorker-3] β… 27κ° μ™„λ£ | μ§„ν–‰λ„ [157  / 1553] - μ—¬μ„±μλ¥
2025-11-04 16:31:16 [INFO] 16:31:16 [INFO][ForkPoolWorker-2] β… 27κ° μ™„λ£ | μ§„ν–‰λ„ [164  / 1553] - μ—¬μ„±μλ¥
2025-11-04 16:31:54 [INFO] 16:31:54 [INFO][ForkPoolWorker-3] β… 27κ° μ™„λ£ | μ§„ν–‰λ„ [158  / 1553] - μ—¬μ„±μλ¥
2025-11-04 16:32:18 [INFO] 16:32:18 [INFO][ForkPoolWorker-2] β… 27κ° μ™„λ£ | μ§„ν–‰λ„ [165  / 1553] - μ—¬μ„±μλ¥
2025-11-04 16:32:23 [INFO] 16:32:23 [INFO][ForkPoolWorker-3] β… 27κ° μ™„λ£ | μ§„ν–‰λ„ [159  / 1553] - μ—¬μ„±μλ¥
2025-11-04 16:32:52 [INFO] 16:32:52 [INFO][ForkPoolWorker-3] β… 27κ° μ™„λ£ | μ§„ν–‰λ„ [160  / 1553] - μ—¬μ„±μλ¥
2025-11-04 16:32:53 [INFO] [33m16:32:53 [INFO][MainProcess] π’Ύ μ²΄ν¬ν¬μΈνΈ μ €μ¥ (5382κ°) β†’ /home/runner/work/crawd/crawd/workflowP/craw/data/quick_text_probe_parallel[0m
2025-11-04 16:33:17 [INFO] 16:33:17 [INFO][ForkPoolWorker-3] β… 27κ° μ™„λ£ | μ§„ν–‰λ„ [171  / 1553] - μ—¬μ„±μλ¥
2025-11-04 16:33:34 [INFO] 16:33:34 [INFO][ForkPoolWorker-3] β… 27κ° μ™„λ£ | μ§„ν–‰λ„ [172  / 1553] - μ—¬μ„±μλ¥
2025-11-04 16:33:39 [INFO] 16:33:39 [INFO][ForkPoolWorker-2] β… 27κ° μ™„λ£ | μ§„ν–‰λ„ [166  / 1553] - μ—¬μ„±μλ¥
2025-11-04 16:34:16 [INFO] 16:34:16 [INFO][ForkPoolWorker-3] β… 27κ° μ™„λ£ | μ§„ν–‰λ„ [173  / 1553] - μ—¬μ„±μλ¥
2025-11-04 16:34:45 [INFO] 16:34:45 [INFO][ForkPoolWorker-2] β… 27κ° μ™„λ£ | μ§„ν–‰λ„ [167  / 1553] - μ—¬μ„±μλ¥
2025-11-04 16:35:10 [INFO] 16:35:10 [INFO][ForkPoolWorker-3] β… 27κ° μ™„λ£ | μ§„ν–‰λ„ [174  / 1553] - μ—¬μ„±μλ¥
2025-11-04 16:35:18 [INFO] 16:35:18 [INFO][ForkPoolWorker-2] β… 27κ° μ™„λ£ | μ§„ν–‰λ„ [168  / 1553] - μ—¬μ„±μλ¥
2025-11-04 16:36:28 [INFO] 16:36:28 [INFO][ForkPoolWorker-2] β… 27κ° μ™„λ£ | μ§„ν–‰λ„ [169  / 1553] - μ—¬μ„±μλ¥
2025-11-04 16:37:03 [INFO] 16:37:03 [INFO][ForkPoolWorker-3] β… 27κ° μ™„λ£ | μ§„ν–‰λ„ [175  / 1553] - μ—¬μ„±μλ¥
2025-11-04 16:37:09 [INFO] 16:37:09 [INFO][ForkPoolWorker-2] β… 27κ° μ™„λ£ | μ§„ν–‰λ„ [170  / 1553] - μ—¬μ„±μλ¥
2025-11-04 16:37:10 [INFO] [33m16:37:10 [INFO][MainProcess] π’Ύ μ²΄ν¬ν¬μΈνΈ μ €μ¥ (5392κ°) β†’ /home/runner/work/crawd/crawd/workflowP/craw/data/quick_text_probe_parallel[0m
2025-11-04 16:38:02 [INFO] 16:38:02 [INFO][ForkPoolWorker-3] β… 27κ° μ™„λ£ | μ§„ν–‰λ„ [176  / 1553] - μ—¬μ„±μλ¥
2025-11-04 16:38:15 [INFO] 16:38:15 [INFO][ForkPoolWorker-2] β… 27κ° μ™„λ£ | μ§„ν–‰λ„ [181  / 1553] - μ—¬μ„±μλ¥
2025-11-04 16:39:22 [INFO] 16:39:22 [INFO][ForkPoolWorker-2] β… 27κ° μ™„λ£ | μ§„ν–‰λ„ [182  / 1553] - μ—¬μ„±μλ¥
2025-11-04 16:39:40 [INFO] 16:39:40 [INFO][ForkPoolWorker-3] β… 27κ° μ™„λ£ | μ§„ν–‰λ„ [177  / 1553] - μ—¬μ„±μλ¥
2025-11-04 16:39:44 [INFO] 16:39:44 [INFO][ForkPoolWorker-2] β… 27κ° μ™„λ£ | μ§„ν–‰λ„ [183  / 1553] - μ—¬μ„±μλ¥
2025-11-04 16:40:13 [INFO] 16:40:13 [INFO][ForkPoolWorker-2] β… 27κ° μ™„λ£ | μ§„ν–‰λ„ [184  / 1553] - μ—¬μ„±μλ¥
2025-11-04 16:40:55 [INFO] 16:40:55 [INFO][ForkPoolWorker-3] β… 27κ° μ™„λ£ | μ§„ν–‰λ„ [178  / 1553] - μ—¬μ„±μλ¥
2025-11-04 16:40:59 [INFO] 16:40:59 [INFO][ForkPoolWorker-2] β… 27κ° μ™„λ£ | μ§„ν–‰λ„ [185  / 1553] - μ—¬μ„±μλ¥
2025-11-04 16:41:24 [INFO] 16:41:24 [INFO][ForkPoolWorker-3] β… 27κ° μ™„λ£ | μ§„ν–‰λ„ [179  / 1553] - μ—¬μ„±μλ¥
2025-11-04 16:42:08 [INFO] 16:42:08 [INFO][ForkPoolWorker-2] β… 27κ° μ™„λ£ | μ§„ν–‰λ„ [186  / 1553] - μ—¬μ„±μλ¥
2025-11-04 16:42:30 [INFO] 16:42:30 [INFO][ForkPoolWorker-3] β… 27κ° μ™„λ£ | μ§„ν–‰λ„ [180  / 1553] - μ—¬μ„±μλ¥
2025-11-04 16:42:31 [INFO] [33m16:42:31 [INFO][MainProcess] π’Ύ μ²΄ν¬ν¬μΈνΈ μ €μ¥ (5402κ°) β†’ /home/runner/work/crawd/crawd/workflowP/craw/data/quick_text_probe_parallel[0m
2025-11-04 16:43:05 [INFO] 16:43:05 [INFO][ForkPoolWorker-2] β… 27κ° μ™„λ£ | μ§„ν–‰λ„ [187  / 1553] - μ—¬μ„±μλ¥
2025-11-04 16:43:46 [INFO] 16:43:46 [INFO][ForkPoolWorker-3] β… 27κ° μ™„λ£ | μ§„ν–‰λ„ [191  / 1553] - μ—¬μ„±μλ¥
2025-11-04 16:44:12 [INFO] 16:44:12 [INFO][ForkPoolWorker-2] β… 27κ° μ™„λ£ | μ§„ν–‰λ„ [188  / 1553] - μ—¬μ„±μλ¥
2025-11-04 16:44:41 [INFO] 16:44:41 [INFO][ForkPoolWorker-3] β… 27κ° μ™„λ£ | μ§„ν–‰λ„ [192  / 1553] - μ—¬μ„±μλ¥
2025-11-04 16:45:30 [INFO] 16:45:30 [INFO][ForkPoolWorker-2] β… 27κ° μ™„λ£ | μ§„ν–‰λ„ [189  / 1553] - μ—¬μ„±μλ¥
2025-11-04 16:46:01 [INFO] 16:46:01 [INFO][ForkPoolWorker-3] β… 27κ° μ™„λ£ | μ§„ν–‰λ„ [193  / 1553] - μ—¬μ„±μλ¥
2025-11-04 16:46:35 [INFO] 16:46:35 [INFO][ForkPoolWorker-3] β… 27κ° μ™„λ£ | μ§„ν–‰λ„ [194  / 1553] - μ—¬μ„±μλ¥
2025-11-04 16:47:09 [INFO] 16:47:09 [INFO][ForkPoolWorker-3] β… 27κ° μ™„λ£ | μ§„ν–‰λ„ [195  / 1553] - μ—¬μ„±μλ¥
2025-11-04 16:47:16 [INFO] 16:47:16 [INFO][ForkPoolWorker-2] β… 27κ° μ™„λ£ | μ§„ν–‰λ„ [190  / 1553] - μ—¬μ„±μλ¥
2025-11-04 16:47:17 [INFO] [33m16:47:17 [INFO][MainProcess] π’Ύ μ²΄ν¬ν¬μΈνΈ μ €μ¥ (5412κ°) β†’ /home/runner/work/crawd/crawd/workflowP/craw/data/quick_text_probe_parallel[0m
2025-11-04 16:47:43 [INFO] 16:47:43 [INFO][ForkPoolWorker-3] β… 27κ° μ™„λ£ | μ§„ν–‰λ„ [196  / 1553] - μ—¬μ„±μλ¥
2025-11-04 16:48:41 [INFO] 16:48:41 [INFO][ForkPoolWorker-2] β… 27κ° μ™„λ£ | μ§„ν–‰λ„ [201  / 1553] - μ—¬μ„±μλ¥
2025-11-04 16:49:29 [INFO] 16:49:29 [INFO][ForkPoolWorker-3] β… 27κ° μ™„λ£ | μ§„ν–‰λ„ [197  / 1553] - μ—¬μ„±μλ¥
2025-11-04 16:50:31 [INFO] 16:50:31 [INFO][ForkPoolWorker-2] β… 27κ° μ™„λ£ | μ§„ν–‰λ„ [202  / 1553] - μ—¬μ„±μλ¥
2025-11-04 16:51:23 [INFO] 16:51:23 [INFO][ForkPoolWorker-3] β… 27κ° μ™„λ£ | μ§„ν–‰λ„ [198  / 1553] - μ—¬μ„±μλ¥
2025-11-04 16:51:54 [INFO] 16:51:54 [INFO][ForkPoolWorker-2] β… 27κ° μ™„λ£ | μ§„ν–‰λ„ [203  / 1553] - μ—¬μ„±μλ¥
2025-11-04 16:52:56 [INFO] 16:52:56 [INFO][ForkPoolWorker-2] β… 27κ° μ™„λ£ | μ§„ν–‰λ„ [204  / 1553] - μ—¬μ„±μλ¥
2025-11-04 16:52:58 [INFO] 16:52:58 [INFO][ForkPoolWorker-3] β… 27κ° μ™„λ£ | μ§„ν–‰λ„ [199  / 1553] - μ—¬μ„±μλ¥
2025-11-04 16:54:13 [INFO] 16:54:13 [INFO][ForkPoolWorker-2] β… 27κ° μ™„λ£ | μ§„ν–‰λ„ [205  / 1553] - μ—¬μ„±μλ¥
2025-11-04 16:54:18 [INFO] 16:54:18 [INFO][ForkPoolWorker-3] β… 27κ° μ™„λ£ | μ§„ν–‰λ„ [200  / 1553] - μ—¬μ„±μλ¥
2025-11-04 16:54:19 [INFO] [33m16:54:19 [INFO][MainProcess] π’Ύ μ²΄ν¬ν¬μΈνΈ μ €μ¥ (5422κ°) β†’ /home/runner/work/crawd/crawd/workflowP/craw/data/quick_text_probe_parallel[0m
2025-11-04 16:55:48 [INFO] 16:55:48 [INFO][ForkPoolWorker-3] β… 27κ° μ™„λ£ | μ§„ν–‰λ„ [211  / 1553] - μ—¬μ„±μλ¥
2025-11-04 16:56:04 [INFO] 16:56:04 [INFO][ForkPoolWorker-2] β… 27κ° μ™„λ£ | μ§„ν–‰λ„ [206  / 1553] - μ—¬μ„±μλ¥
2025-11-04 16:56:31 [INFO] 16:56:31 [INFO][ForkPoolWorker-3] β… 27κ° μ™„λ£ | μ§„ν–‰λ„ [212  / 1553] - μ—¬μ„±μλ¥
2025-11-04 16:57:20 [INFO] 16:57:20 [INFO][ForkPoolWorker-3] β… 27κ° μ™„λ£ | μ§„ν–‰λ„ [213  / 1553] - μ—¬μ„±μλ¥
2025-11-04 16:57:23 [INFO] 16:57:23 [INFO][ForkPoolWorker-2] β… 27κ° μ™„λ£ | μ§„ν–‰λ„ [207  / 1553] - μ—¬μ„±μλ¥
2025-11-04 16:58:22 [INFO] 16:58:22 [INFO][ForkPoolWorker-3] β… 27κ° μ™„λ£ | μ§„ν–‰λ„ [214  / 1553] - μ—¬μ„±μλ¥
2025-11-04 16:58:37 [INFO] 16:58:37 [INFO][ForkPoolWorker-2] β… 27κ° μ™„λ£ | μ§„ν–‰λ„ [208  / 1553] - μ—¬μ„±μλ¥
2025-11-04 16:59:11 [INFO] 16:59:11 [INFO][ForkPoolWorker-2] β… 27κ° μ™„λ£ | μ§„ν–‰λ„ [209  / 1553] - μ—¬μ„±μλ¥
2025-11-04 16:59:52 [INFO] 16:59:52 [INFO][ForkPoolWorker-3] β… 27κ° μ™„λ£ | μ§„ν–‰λ„ [215  / 1553] - μ—¬μ„±μλ¥
2025-11-04 17:00:09 [INFO] 17:00:09 [INFO][ForkPoolWorker-2] β… 27κ° μ™„λ£ | μ§„ν–‰λ„ [210  / 1553] - μ—¬μ„±μλ¥
2025-11-04 17:00:10 [INFO] [33m17:00:10 [INFO][MainProcess] π’Ύ μ²΄ν¬ν¬μΈνΈ μ €μ¥ (5432κ°) β†’ /home/runner/work/crawd/crawd/workflowP/craw/data/quick_text_probe_parallel[0m
2025-11-04 17:00:24 [INFO] 17:00:24 [WARNING][ForkPoolWorker-2] β μ νΌ/λ°”λλ§‰μ΄ μ—λ¬: timeout: Timed out receiving message from renderer: 12.758
2025-11-04 17:00:24 [INFO]   (Session info: chrome=142.0.7444.59)
2025-11-04 17:00:50 [INFO] 17:00:50 [INFO][ForkPoolWorker-3] β… 27κ° μ™„λ£ | μ§„ν–‰λ„ [216  / 1553] - μ—¬μ„±μλ¥
2025-11-04 17:01:04 [INFO] 17:01:04 [INFO][ForkPoolWorker-2] β… 27κ° μ™„λ£ | μ§„ν–‰λ„ [222  / 1553] - μ—¬μ„±μλ¥
2025-11-04 17:01:58 [INFO] 17:01:58 [INFO][ForkPoolWorker-2] β… 27κ° μ™„λ£ | μ§„ν–‰λ„ [223  / 1553] - μ—¬μ„±μλ¥
2025-11-04 17:02:06 [INFO] 17:02:06 [INFO][ForkPoolWorker-3] β… 27κ° μ™„λ£ | μ§„ν–‰λ„ [217  / 1553] - μ—¬μ„±μλ¥
2025-11-04 17:03:11 [INFO] 17:03:11 [INFO][ForkPoolWorker-3] β… 27κ° μ™„λ£ | μ§„ν–‰λ„ [218  / 1553] - μ—¬μ„±μλ¥
2025-11-04 17:03:48 [INFO] 17:03:48 [INFO][ForkPoolWorker-3] β… 27κ° μ™„λ£ | μ§„ν–‰λ„ [219  / 1553] - μ—¬μ„±μλ¥
2025-11-04 17:03:56 [INFO] 17:03:56 [INFO][ForkPoolWorker-2] β… 27κ° μ™„λ£ | μ§„ν–‰λ„ [224  / 1553] - μ—¬μ„±μλ¥
2025-11-04 17:04:35 [INFO] 17:04:35 [INFO][ForkPoolWorker-2] β… 27κ° μ™„λ£ | μ§„ν–‰λ„ [225  / 1553] - μ—¬μ„±μλ¥
2025-11-04 17:04:41 [INFO] 17:04:41 [INFO][ForkPoolWorker-3] β… 27κ° μ™„λ£ | μ§„ν–‰λ„ [220  / 1553] - μ—¬μ„±μλ¥
2025-11-04 17:04:42 [INFO] [33m17:04:42 [INFO][MainProcess] π’Ύ μ²΄ν¬ν¬μΈνΈ μ €μ¥ (5442κ°) β†’ /home/runner/work/crawd/crawd/workflowP/craw/data/quick_text_probe_parallel[0m
2025-11-04 17:06:06 [INFO] 17:06:06 [INFO][ForkPoolWorker-3] β… 27κ° μ™„λ£ | μ§„ν–‰λ„ [231  / 1553] - μ μ·/μ–Έλ”μ›¨μ–΄
2025-11-04 17:06:29 [INFO] 17:06:29 [INFO][ForkPoolWorker-2] β… 27κ° μ™„λ£ | μ§„ν–‰λ„ [226  / 1553] - μ—¬μ„±μλ¥
2025-11-04 17:06:46 [INFO] 17:06:46 [INFO][ForkPoolWorker-3] β… 27κ° μ™„λ£ | μ§„ν–‰λ„ [232  / 1553] - λ…ν’κ΄€
2025-11-04 17:07:36 [INFO] 17:07:36 [INFO][ForkPoolWorker-3] β… 27κ° μ™„λ£ | μ§„ν–‰λ„ [233  / 1553] - λ…ν’κ΄€
2025-11-04 17:08:27 [INFO] 17:08:27 [INFO][ForkPoolWorker-2] β… 27κ° μ™„λ£ | μ§„ν–‰λ„ [227  / 1553] - μ—¬μ„±μλ¥
2025-11-04 17:08:38 [INFO] 17:08:38 [INFO][ForkPoolWorker-3] β… 27κ° μ™„λ£ | μ§„ν–‰λ„ [234  / 1553] - λ…ν’κ΄€
2025-11-04 17:09:39 [INFO] 17:09:39 [INFO][ForkPoolWorker-3] β… 27κ° μ™„λ£ | μ§„ν–‰λ„ [235  / 1553] - λ…ν’κ΄€
2025-11-04 17:10:22 [INFO] 17:10:22 [INFO][ForkPoolWorker-2] β… 27κ° μ™„λ£ | μ§„ν–‰λ„ [228  / 1553] - μ—¬μ„±μλ¥
2025-11-04 17:10:41 [INFO] 17:10:41 [INFO][ForkPoolWorker-3] β… 27κ° μ™„λ£ | μ§„ν–‰λ„ [236  / 1553] - λ…ν’κ΄€
2025-11-04 17:10:52 [INFO] 17:10:52 [INFO][ForkPoolWorker-2] β… 27κ° μ™„λ£ | μ§„ν–‰λ„ [229  / 1553] - μ μ·/μ–Έλ”μ›¨μ–΄
2025-11-04 17:11:17 [INFO] 17:11:17 [INFO][ForkPoolWorker-2] β… 27κ° μ™„λ£ | μ§„ν–‰λ„ [230  / 1553] - μ μ·/μ–Έλ”μ›¨μ–΄
2025-11-04 17:11:38 [INFO] 17:11:38 [INFO][ForkPoolWorker-3] β… 27κ° μ™„λ£ | μ§„ν–‰λ„ [237  / 1553] - λ…ν’κ΄€
2025-11-04 17:11:58 [INFO] 17:11:58 [INFO][ForkPoolWorker-2] β… 27κ° μ™„λ£ | μ§„ν–‰λ„ [241  / 1553] - λ…ν’κ΄€
2025-11-04 17:12:16 [INFO] 17:12:16 [INFO][ForkPoolWorker-3] β… 27κ° μ™„λ£ | μ§„ν–‰λ„ [238  / 1553] - λ…ν’κ΄€
2025-11-04 17:12:50 [INFO] 17:12:50 [INFO][ForkPoolWorker-3] β… 27κ° μ™„λ£ | μ§„ν–‰λ„ [239  / 1553] - λ…ν’κ΄€
2025-11-04 17:12:51 [INFO] 17:12:51 [INFO][ForkPoolWorker-2] β… 27κ° μ™„λ£ | μ§„ν–‰λ„ [242  / 1553] - λ…ν’κ΄€
2025-11-04 17:13:39 [INFO] 17:13:39 [INFO][ForkPoolWorker-3] β… 27κ° μ™„λ£ | μ§„ν–‰λ„ [240  / 1553] - λ…ν’κ΄€
2025-11-04 17:13:40 [INFO] [33m17:13:40 [INFO][MainProcess] π’Ύ μ²΄ν¬ν¬μΈνΈ μ €μ¥ (5461κ°) β†’ /home/runner/work/crawd/crawd/workflowP/craw/data/quick_text_probe_parallel[0m
2025-11-04 17:14:14 [INFO] 17:14:14 [INFO][ForkPoolWorker-2] β… 27κ° μ™„λ£ | μ§„ν–‰λ„ [243  / 1553] - λ…ν’κ΄€
2025-11-04 17:14:45 [INFO] 17:14:45 [INFO][ForkPoolWorker-3] β… 27κ° μ™„λ£ | μ§„ν–‰λ„ [251  / 1553] - λ…ν’κ΄€
2025-11-04 17:14:52 [INFO] 17:14:52 [INFO][ForkPoolWorker-2] β… 27κ° μ™„λ£ | μ§„ν–‰λ„ [244  / 1553] - λ…ν’κ΄€
2025-11-04 17:15:46 [INFO] 17:15:46 [INFO][ForkPoolWorker-2] β… 27κ° μ™„λ£ | μ§„ν–‰λ„ [245  / 1553] - λ…ν’κ΄€
2025-11-04 17:15:56 [INFO] 17:15:56 [INFO][ForkPoolWorker-3] β… 27κ° μ™„λ£ | μ§„ν–‰λ„ [252  / 1553] - λ…ν’κ΄€
2025-11-04 17:17:43 [INFO] 17:17:43 [INFO][ForkPoolWorker-2] β… 27κ° μ™„λ£ | μ§„ν–‰λ„ [246  / 1553] - λ…ν’κ΄€
2025-11-04 17:17:51 [INFO] 17:17:51 [INFO][ForkPoolWorker-3] β… 27κ° μ™„λ£ | μ§„ν–‰λ„ [253  / 1553] - λ…ν’κ΄€
2025-11-04 17:18:22 [INFO] 17:18:22 [INFO][ForkPoolWorker-2] β… 27κ° μ™„λ£ | μ§„ν–‰λ„ [247  / 1553] - λ…ν’κ΄€
2025-11-04 17:19:46 [INFO] 17:19:46 [INFO][ForkPoolWorker-3] β… 27κ° μ™„λ£ | μ§„ν–‰λ„ [254  / 1553] - λ…ν’κ΄€
2025-11-04 17:20:17 [INFO] 17:20:17 [INFO][ForkPoolWorker-2] β… 27κ° μ™„λ£ | μ§„ν–‰λ„ [248  / 1553] - λ…ν’κ΄€
2025-11-04 17:21:11 [INFO] 17:21:11 [INFO][ForkPoolWorker-3] β… 27κ° μ™„λ£ | μ§„ν–‰λ„ [255  / 1553] - λ…ν’κ΄€
2025-11-04 17:22:17 [INFO] 17:22:17 [INFO][ForkPoolWorker-2] β… 27κ° μ™„λ£ | μ§„ν–‰λ„ [249  / 1553] - λ…ν’κ΄€
2025-11-04 17:22:42 [INFO] 17:22:42 [INFO][ForkPoolWorker-3] β… 27κ° μ™„λ£ | μ§„ν–‰λ„ [256  / 1553] - λ…ν’κ΄€
2025-11-04 17:23:15 [INFO] 17:23:15 [INFO][ForkPoolWorker-3] β… 27κ° μ™„λ£ | μ§„ν–‰λ„ [257  / 1553] - λ…ν’κ΄€
2025-11-04 17:24:05 [INFO] 17:24:05 [INFO][ForkPoolWorker-3] β… 27κ° μ™„λ£ | μ§„ν–‰λ„ [258  / 1553] - λ…ν’κ΄€
2025-11-04 17:24:12 [INFO] 17:24:12 [INFO][ForkPoolWorker-2] β… 27κ° μ™„λ£ | μ§„ν–‰λ„ [250  / 1553] - λ…ν’κ΄€
2025-11-04 17:24:12 [INFO] [33m17:24:12 [INFO][MainProcess] π’Ύ μ²΄ν¬ν¬μΈνΈ μ €μ¥ (5471κ°) β†’ /home/runner/work/crawd/crawd/workflowP/craw/data/quick_text_probe_parallel[0m
2025-11-04 17:24:59 [INFO] 17:24:59 [INFO][ForkPoolWorker-3] β… 27κ° μ™„λ£ | μ§„ν–‰λ„ [259  / 1553] - λ…ν’κ΄€
2025-11-04 17:25:48 [INFO] 17:25:48 [INFO][ForkPoolWorker-3] β… 27κ° μ™„λ£ | μ§„ν–‰λ„ [260  / 1553] - λ…ν’κ΄€
2025-11-04 17:25:49 [INFO] [33m17:25:49 [INFO][MainProcess] π’Ύ μ²΄ν¬ν¬μΈνΈ μ €μ¥ (5481κ°) β†’ /home/runner/work/crawd/crawd/workflowP/craw/data/quick_text_probe_parallel[0m
2025-11-04 17:25:51 [INFO] 17:25:51 [INFO][ForkPoolWorker-2] β… 27κ° μ™„λ£ | μ§„ν–‰λ„ [261  / 1553] - λ…ν’κ΄€
2025-11-04 17:26:42 [INFO] 17:26:42 [INFO][ForkPoolWorker-3] β… 27κ° μ™„λ£ | μ§„ν–‰λ„ [271  / 1553] - λ…ν’κ΄€
2025-11-04 17:27:25 [INFO] 17:27:25 [INFO][ForkPoolWorker-2] β… 27κ° μ™„λ£ | μ§„ν–‰λ„ [262  / 1553] - λ…ν’κ΄€
2025-11-04 17:28:05 [INFO] 17:28:05 [INFO][ForkPoolWorker-3] β… 27κ° μ™„λ£ | μ§„ν–‰λ„ [272  / 1553] - λ…ν’κ΄€
2025-11-04 17:28:47 [INFO] 17:28:47 [INFO][ForkPoolWorker-2] β… 27κ° μ™„λ£ | μ§„ν–‰λ„ [263  / 1553] - λ…ν’κ΄€
2025-11-04 17:29:00 [INFO] 17:29:00 [INFO][ForkPoolWorker-3] β… 27κ° μ™„λ£ | μ§„ν–‰λ„ [273  / 1553] - λ…ν’κ΄€
2025-11-04 17:30:17 [INFO] 17:30:17 [INFO][ForkPoolWorker-3] β… 27κ° μ™„λ£ | μ§„ν–‰λ„ [274  / 1553] - λ…ν’κ΄€
2025-11-04 17:30:17 [INFO] 17:30:17 [INFO][ForkPoolWorker-2] β… 27κ° μ™„λ£ | μ§„ν–‰λ„ [264  / 1553] - λ…ν’κ΄€
2025-11-04 17:31:07 [INFO] 17:31:07 [INFO][ForkPoolWorker-3] β… 27κ° μ™„λ£ | μ§„ν–‰λ„ [275  / 1553] - λ…ν’κ΄€
2025-11-04 17:31:24 [INFO] 17:31:24 [INFO][ForkPoolWorker-2] β… 27κ° μ™„λ£ | μ§„ν–‰λ„ [265  / 1553] - λ…ν’κ΄€
2025-11-04 17:32:01 [INFO] 17:32:01 [INFO][ForkPoolWorker-3] β… 27κ° μ™„λ£ | μ§„ν–‰λ„ [276  / 1553] - λ…ν’κ΄€
2025-11-04 17:32:18 [INFO] 17:32:18 [INFO][ForkPoolWorker-2] β… 27κ° μ™„λ£ | μ§„ν–‰λ„ [266  / 1553] - λ…ν’κ΄€
2025-11-04 17:33:16 [INFO] 17:33:16 [INFO][ForkPoolWorker-2] β… 27κ° μ™„λ£ | μ§„ν–‰λ„ [267  / 1553] - λ…ν’κ΄€
2025-11-04 17:33:35 [INFO] 17:33:35 [INFO][ForkPoolWorker-3] β… 27κ° μ™„λ£ | μ§„ν–‰λ„ [277  / 1553] - λ…ν’κ΄€
2025-11-04 17:34:54 [INFO] 17:34:54 [INFO][ForkPoolWorker-3] β… 27κ° μ™„λ£ | μ§„ν–‰λ„ [278  / 1553] - λ…ν’κ΄€
2025-11-04 17:35:01 [INFO] 17:35:01 [INFO][ForkPoolWorker-2] β… 27κ° μ™„λ£ | μ§„ν–‰λ„ [268  / 1553] - λ…ν’κ΄€
2025-11-04 17:36:12 [INFO] 17:36:12 [INFO][ForkPoolWorker-2] β… 27κ° μ™„λ£ | μ§„ν–‰λ„ [269  / 1553] - λ…ν’κ΄€
2025-11-04 17:37:01 [INFO] 17:37:01 [INFO][ForkPoolWorker-3] β… 27κ° μ™„λ£ | μ§„ν–‰λ„ [279  / 1553] - λ…ν’κ΄€
2025-11-04 17:37:02 [INFO] 17:37:02 [INFO][ForkPoolWorker-2] β… 27κ° μ™„λ£ | μ§„ν–‰λ„ [270  / 1553] - λ…ν’κ΄€
2025-11-04 17:37:02 [INFO] [33m17:37:02 [INFO][MainProcess] π’Ύ μ²΄ν¬ν¬μΈνΈ μ €μ¥ (5491κ°) β†’ /home/runner/work/crawd/crawd/workflowP/craw/data/quick_text_probe_parallel[0m
2025-11-04 17:37:38 [INFO] 17:37:38 [INFO][ForkPoolWorker-2] β… 27κ° μ™„λ£ | μ§„ν–‰λ„ [281  / 1553] - λ…ν’κ΄€
2025-11-04 17:38:24 [INFO] 17:38:24 [INFO][ForkPoolWorker-2] β… 27κ° μ™„λ£ | μ§„ν–‰λ„ [282  / 1553] - λ…ν’κ΄€
2025-11-04 17:39:00 [INFO] 17:39:00 [INFO][ForkPoolWorker-3] β… 27κ° μ™„λ£ | μ§„ν–‰λ„ [280  / 1553] - λ…ν’κ΄€
2025-11-04 17:39:00 [INFO] [33m17:39:00 [INFO][MainProcess] π’Ύ μ²΄ν¬ν¬μΈνΈ μ €μ¥ (5501κ°) β†’ /home/runner/work/crawd/crawd/workflowP/craw/data/quick_text_probe_parallel[0m
2025-11-04 17:39:10 [INFO] 17:39:10 [INFO][ForkPoolWorker-2] β… 27κ° μ™„λ£ | μ§„ν–‰λ„ [283  / 1553] - λ…ν’κ΄€
2025-11-04 17:40:09 [INFO] 17:40:09 [INFO][ForkPoolWorker-3] β… 27κ° μ™„λ£ | μ§„ν–‰λ„ [291  / 1553] - λ…ν’κ΄€
2025-11-04 17:40:56 [INFO] 17:40:56 [INFO][ForkPoolWorker-2] β… 27κ° μ™„λ£ | μ§„ν–‰λ„ [284  / 1553] - λ…ν’κ΄€
2025-11-04 17:41:03 [INFO] 17:41:03 [INFO][ForkPoolWorker-3] β… 27κ° μ™„λ£ | μ§„ν–‰λ„ [292  / 1553] - λ…ν’κ΄€
2025-11-04 17:42:25 [INFO] 17:42:25 [INFO][ForkPoolWorker-3] β… 27κ° μ™„λ£ | μ§„ν–‰λ„ [293  / 1553] - λ…ν’κ΄€
2025-11-04 17:42:36 [INFO] 17:42:36 [INFO][ForkPoolWorker-2] β… 27κ° μ™„λ£ | μ§„ν–‰λ„ [285  / 1553] - λ…ν’κ΄€
2025-11-04 17:43:22 [INFO] 17:43:22 [INFO][ForkPoolWorker-2] β… 27κ° μ™„λ£ | μ§„ν–‰λ„ [286  / 1553] - λ…ν’κ΄€
2025-11-04 17:43:28 [INFO] 17:43:28 [INFO][ForkPoolWorker-3] β… 27κ° μ™„λ£ | μ§„ν–‰λ„ [294  / 1553] - λ…ν’κ΄€
2025-11-04 17:44:09 [INFO] 17:44:09 [INFO][ForkPoolWorker-3] β… 27κ° μ™„λ£ | μ§„ν–‰λ„ [295  / 1553] - ν–¥μ/λ©”μ΄ν¬μ—…
2025-11-04 17:44:24 [INFO] 17:44:24 [INFO][ForkPoolWorker-2] β… 27κ° μ™„λ£ | μ§„ν–‰λ„ [287  / 1553] - λ…ν’κ΄€
2025-11-04 17:44:56 [INFO] 17:44:56 [INFO][ForkPoolWorker-3] β… 27κ° μ™„λ£ | μ§„ν–‰λ„ [296  / 1553] - ν–¥μ/λ©”μ΄ν¬μ—…
2025-11-04 17:45:53 [INFO] 17:45:53 [INFO][ForkPoolWorker-2] β… 27κ° μ™„λ£ | μ§„ν–‰λ„ [288  / 1553] - λ…ν’κ΄€
2025-11-04 17:45:54 [INFO] 17:45:54 [INFO][ForkPoolWorker-3] β… 27κ° μ™„λ£ | μ§„ν–‰λ„ [297  / 1553] - ν–¥μ/λ©”μ΄ν¬μ—…
2025-11-04 17:46:56 [INFO] 17:46:56 [INFO][ForkPoolWorker-3] β… 27κ° μ™„λ£ | μ§„ν–‰λ„ [298  / 1553] - ν–¥μ/λ©”μ΄ν¬μ—…
2025-11-04 17:47:12 [INFO] 17:47:12 [INFO][ForkPoolWorker-2] β… 27κ° μ™„λ£ | μ§„ν–‰λ„ [289  / 1553] - λ…ν’κ΄€
2025-11-04 17:47:33 [INFO] 17:47:33 [INFO][ForkPoolWorker-3] β… 27κ° μ™„λ£ | μ§„ν–‰λ„ [299  / 1553] - κ°•μ•„μ§€μ©ν’
2025-11-04 17:47:50 [INFO] 17:47:50 [INFO][ForkPoolWorker-2] β… 27κ° μ™„λ£ | μ§„ν–‰λ„ [290  / 1553] - λ…ν’κ΄€
2025-11-04 17:47:51 [INFO] [33m17:47:51 [INFO][MainProcess] π’Ύ μ²΄ν¬ν¬μΈνΈ μ €μ¥ (5511κ°) β†’ /home/runner/work/crawd/crawd/workflowP/craw/data/quick_text_probe_parallel[0m
2025-11-04 17:48:14 [INFO] 17:48:14 [INFO][ForkPoolWorker-3] β… 27κ° μ™„λ£ | μ§„ν–‰λ„ [300  / 1553] - κ°•μ•„μ§€μ©ν’
2025-11-04 17:48:15 [INFO] [33m17:48:15 [INFO][MainProcess] π’Ύ μ²΄ν¬ν¬μΈνΈ μ €μ¥ (5521κ°) β†’ /home/runner/work/crawd/crawd/workflowP/craw/data/quick_text_probe_parallel[0m
2025-11-04 17:48:59 [INFO] 17:48:59 [INFO][ForkPoolWorker-2] β… 25κ° μ™„λ£ | μ§„ν–‰λ„ [301  / 1553] - κ°•μ•„μ§€μ©ν’
2025-11-04 17:48:59 [INFO] 17:48:59 [INFO][ForkPoolWorker-3] β… 8κ° μ™„λ£ | μ§„ν–‰λ„ [311  / 1553] - μμ΅±κ΄€/μ†λ™λ¬Όμ©ν’
2025-11-04 17:50:15 [INFO] 17:50:15 [INFO][ForkPoolWorker-3] β… 27κ° μ™„λ£ | μ§„ν–‰λ„ [313  / 1553] - λ“λ΅ /λ κ³ /ν‚¤λνΈ
2025-11-04 17:50:50 [INFO] 17:50:50 [INFO][ForkPoolWorker-2] β… 27κ° μ™„λ£ | μ§„ν–‰λ„ [302  / 1553] - κ°•μ•„μ§€μ©ν’
2025-11-04 17:52:04 [INFO] 17:52:04 [INFO][ForkPoolWorker-2] β… 27κ° μ™„λ£ | μ§„ν–‰λ„ [303  / 1553] - κ°•μ•„μ§€μ©ν’
2025-11-04 17:52:17 [INFO] 17:52:17 [INFO][ForkPoolWorker-3] β… 27κ° μ™„λ£ | μ§„ν–‰λ„ [314  / 1553] - λ“λ΅ /λ κ³ /ν‚¤λνΈ
2025-11-04 17:53:50 [INFO] 17:53:50 [INFO][ForkPoolWorker-2] β… 27κ° μ™„λ£ | μ§„ν–‰λ„ [304  / 1553] - κ°•μ•„μ§€μ©ν’
2025-11-04 17:54:05 [INFO] 17:54:05 [INFO][ForkPoolWorker-3] β… 27κ° μ™„λ£ | μ§„ν–‰λ„ [315  / 1553] - λ“λ΅ /λ κ³ /ν‚¤λνΈ
2025-11-04 17:55:11 [INFO] 17:55:11 [INFO][ForkPoolWorker-2] β… 27κ° μ™„λ£ | μ§„ν–‰λ„ [305  / 1553] - κ°•μ•„μ§€μ©ν’
2025-11-04 17:56:10 [INFO] 17:56:10 [INFO][ForkPoolWorker-2] β… 27κ° μ™„λ£ | μ§„ν–‰λ„ [307  / 1553] - κ³ μ–‘μ΄μ©ν’
2025-11-04 17:56:10 [INFO] 17:56:10 [INFO][ForkPoolWorker-3] β… 27κ° μ™„λ£ | μ§„ν–‰λ„ [316  / 1553] - λ“λ΅ /λ κ³ /ν‚¤λνΈ
2025-11-04 17:56:47 [INFO] 17:56:47 [INFO][ForkPoolWorker-2] β… 27κ° μ™„λ£ | μ§„ν–‰λ„ [308  / 1553] - κ³ μ–‘μ΄μ©ν’
2025-11-04 17:57:50 [INFO] 17:57:50 [INFO][ForkPoolWorker-2] β… 25κ° μ™„λ£ | μ§„ν–‰λ„ [309  / 1553] - κ³ μ–‘μ΄μ©ν’
2025-11-04 17:57:52 [INFO] 17:57:52 [INFO][ForkPoolWorker-3] β… 27κ° μ™„λ£ | μ§„ν–‰λ„ [317  / 1553] - λ“λ΅ /λ κ³ /ν‚¤λνΈ
2025-11-04 17:58:28 [INFO] 17:58:28 [INFO][ForkPoolWorker-3] β… 27κ° μ™„λ£ | μ§„ν–‰λ„ [318  / 1553] - λ“λ΅ /λ κ³ /ν‚¤λνΈ
2025-11-04 17:59:05 [INFO] 17:59:05 [INFO][ForkPoolWorker-2] β… 27κ° μ™„λ£ | μ§„ν–‰λ„ [310  / 1553] - κ³ μ–‘μ΄μ©ν’
2025-11-04 17:59:09 [INFO] 17:59:09 [INFO][ForkPoolWorker-3] β… 27κ° μ™„λ£ | μ§„ν–‰λ„ [319  / 1553] - λ“λ΅ /λ κ³ /ν‚¤λνΈ
2025-11-04 18:00:38 [INFO] 18:00:38 [INFO][ForkPoolWorker-3] β… 27κ° μ™„λ£ | μ§„ν–‰λ„ [320  / 1553] - λ“λ΅ /λ κ³ /ν‚¤λνΈ
2025-11-04 18:00:39 [INFO] [33m18:00:39 [INFO][MainProcess] π’Ύ μ²΄ν¬ν¬μΈνΈ μ €μ¥ (5539κ°) β†’ /home/runner/work/crawd/crawd/workflowP/craw/data/quick_text_probe_parallel[0m
2025-11-04 18:00:45 [INFO] 18:00:45 [INFO][ForkPoolWorker-2] β… 27κ° μ™„λ£ | μ§„ν–‰λ„ [321  / 1553] - λ“λ΅ /λ κ³ /ν‚¤λνΈ
2025-11-04 18:00:57 [INFO] 18:00:57 [WARNING][ForkPoolWorker-3] λ©λ΅ν• λ³΄κΈ° νƒ­μ„ μ°Ύμ§€ λ»ν–μµλ‹λ‹¤ (url=https://prod.danawa.com/list/?cate=19337855&15main_19_03): TimeoutException
2025-11-04 18:01:30 [INFO] 18:01:30 [INFO][ForkPoolWorker-3] β… 27κ° μ™„λ£ | μ§„ν–‰λ„ [332  / 1553] - λ“λ΅ /λ κ³ /ν‚¤λνΈ
2025-11-04 18:02:51 [INFO] 18:02:51 [INFO][ForkPoolWorker-2] β… 27κ° μ™„λ£ | μ§„ν–‰λ„ [322  / 1553] - λ“λ΅ /λ κ³ /ν‚¤λνΈ
2025-11-04 18:03:35 [INFO] 18:03:35 [INFO][ForkPoolWorker-3] β… 27κ° μ™„λ£ | μ§„ν–‰λ„ [333  / 1553] - λ“λ΅ /λ κ³ /ν‚¤λνΈ
2025-11-04 18:03:50 [INFO] 18:03:50 [INFO][ForkPoolWorker-3] β… 13κ° μ™„λ£ | μ§„ν–‰λ„ [334  / 1553] - μƒν’κ¶/μΏ ν°/μ›μ
2025-11-04 18:04:14 [INFO] 18:04:14 [INFO][ForkPoolWorker-3] β… 27κ° μ™„λ£ | μ§„ν–‰λ„ [335  / 1553] - μƒν’κ¶/μΏ ν°/μ›μ
2025-11-04 18:04:17 [INFO] 18:04:17 [INFO][ForkPoolWorker-2] β… 27κ° μ™„λ£ | μ§„ν–‰λ„ [323  / 1553] - λ“λ΅ /λ κ³ /ν‚¤λνΈ
2025-11-04 18:05:18 [INFO] 18:05:18 [INFO][ForkPoolWorker-3] β… 27κ° μ™„λ£ | μ§„ν–‰λ„ [336  / 1553] - μƒν’κ¶/μΏ ν°/μ›μ
2025-11-04 18:05:58 [INFO] 18:05:58 [INFO][ForkPoolWorker-2] β… 27κ° μ™„λ£ | μ§„ν–‰λ„ [324  / 1553] - λ“λ΅ /λ κ³ /ν‚¤λνΈ
2025-11-04 18:06:01 [INFO] 18:06:01 [INFO][ForkPoolWorker-3] β… 27κ° μ™„λ£ | μ§„ν–‰λ„ [337  / 1553] - μƒν’κ¶/μΏ ν°/μ›μ
2025-11-04 18:06:27 [INFO] 18:06:27 [INFO][ForkPoolWorker-2] β… 27κ° μ™„λ£ | μ§„ν–‰λ„ [325  / 1553] - λ“λ΅ /λ κ³ /ν‚¤λνΈ
2025-11-04 18:07:18 [INFO] 18:07:18 [INFO][ForkPoolWorker-3] β… 27κ° μ™„λ£ | μ§„ν–‰λ„ [338  / 1553] - μƒν’κ¶/μΏ ν°/μ›μ
2025-11-04 18:07:49 [INFO] 18:07:49 [INFO][ForkPoolWorker-2] β… 27κ° μ™„λ£ | μ§„ν–‰λ„ [326  / 1553] - λ“λ΅ /λ κ³ /ν‚¤λνΈ
2025-11-04 18:07:51 [INFO] 18:07:51 [INFO][ForkPoolWorker-3] β… 27κ° μ™„λ£ | μ§„ν–‰λ„ [339  / 1553] - μƒν’κ¶/μΏ ν°/μ›μ
2025-11-04 18:08:29 [INFO] 18:08:29 [INFO][ForkPoolWorker-3] β… 18κ° μ™„λ£ | μ§„ν–‰λ„ [340  / 1553] - μƒν’κ¶/μΏ ν°/μ›μ
2025-11-04 18:09:21 [INFO] 18:09:21 [INFO][ForkPoolWorker-3] β… 27κ° μ™„λ£ | μ§„ν–‰λ„ [341  / 1553] - μƒν’κ¶/μΏ ν°/μ›μ
2025-11-04 18:09:27 [INFO] 18:09:27 [INFO][ForkPoolWorker-2] β… 27κ° μ™„λ£ | μ§„ν–‰λ„ [327  / 1553] - λ“λ΅ /λ κ³ /ν‚¤λνΈ
2025-11-04 18:09:36 [INFO] 18:09:36 [INFO][ForkPoolWorker-3] β… 7κ° μ™„λ£ | μ§„ν–‰λ„ [342  / 1553] - μƒν’κ¶/μΏ ν°/μ›μ
2025-11-04 18:10:03 [INFO] 18:10:03 [INFO][ForkPoolWorker-3] β… 27κ° μ™„λ£ | μ§„ν–‰λ„ [343  / 1553] - μƒν’κ¶/μΏ ν°/μ›μ
2025-11-04 18:10:46 [INFO] 18:10:46 [INFO][ForkPoolWorker-3] β… 27κ° μ™„λ£ | μ§„ν–‰λ„ [344  / 1553] - μƒν’κ¶/μΏ ν°/μ›μ
2025-11-04 18:10:54 [INFO] 18:10:54 [INFO][ForkPoolWorker-3] β… 1κ° μ™„λ£ | μ§„ν–‰λ„ [345  / 1553] - μƒν’κ¶/μΏ ν°/μ›μ
2025-11-04 18:11:17 [INFO] 18:11:17 [INFO][ForkPoolWorker-3] β… 5κ° μ™„λ£ | μ§„ν–‰λ„ [346  / 1553] - μƒν’κ¶/μΏ ν°/μ›μ
2025-11-04 18:11:20 [INFO] 18:11:20 [INFO][ForkPoolWorker-2] β… 26κ° μ™„λ£ | μ§„ν–‰λ„ [328  / 1553] - λ“λ΅ /λ κ³ /ν‚¤λνΈ
2025-11-04 18:12:49 [INFO] 18:12:49 [INFO][ForkPoolWorker-3] β… 26κ° μ™„λ£ | μ§„ν–‰λ„ [347  / 1553] - μƒν’κ¶/μΏ ν°/μ›μ
2025-11-04 18:13:18 [INFO] 18:13:18 [INFO][ForkPoolWorker-2] β… 27κ° μ™„λ£ | μ§„ν–‰λ„ [329  / 1553] - λ“λ΅ /λ κ³ /ν‚¤λνΈ
2025-11-04 18:13:51 [INFO] 18:13:51 [INFO][ForkPoolWorker-3] β… 14κ° μ™„λ£ | μ§„ν–‰λ„ [348  / 1553] - μƒν’κ¶/μΏ ν°/μ›μ
2025-11-04 18:14:21 [INFO] 18:14:21 [INFO][ForkPoolWorker-3] β… 27κ° μ™„λ£ | μ§„ν–‰λ„ [349  / 1553] - μ‚¬λ¬΄κΈ°κΈ°/μΉ ν
2025-11-04 18:14:34 [INFO] 18:14:34 [INFO][ForkPoolWorker-2] β… 27κ° μ™„λ£ | μ§„ν–‰λ„ [330  / 1553] - λ“λ΅ /λ κ³ /ν‚¤λνΈ
2025-11-04 18:14:35 [INFO] [33m18:14:35 [INFO][MainProcess] π’Ύ μ²΄ν¬ν¬μΈνΈ μ €μ¥ (5558κ°) β†’ /home/runner/work/crawd/crawd/workflowP/craw/data/quick_text_probe_parallel[0m
2025-11-04 18:14:41 [INFO] 18:14:41 [INFO][ForkPoolWorker-3] β… 27κ° μ™„λ£ | μ§„ν–‰λ„ [350  / 1553] - CCTV/λ³΄μ•/κΈκ³ 
2025-11-04 18:14:42 [INFO] [33m18:14:42 [INFO][MainProcess] π’Ύ μ²΄ν¬ν¬μΈνΈ μ €μ¥ (5568κ°) β†’ /home/runner/work/crawd/crawd/workflowP/craw/data/quick_text_probe_parallel[0m
2025-11-04 18:15:06 [INFO] 18:15:06 [INFO][ForkPoolWorker-2] β… 27κ° μ™„λ£ | μ§„ν–‰λ„ [351  / 1553] - CCTV/λ³΄μ•/κΈκ³ 
2025-11-04 18:18:46 [INFO] 18:18:46 [INFO][ForkPoolWorker-3] β… 28κ° μ™„λ£ | μ§„ν–‰λ„ [361  / 1553] - κ°€μ „/TV
2025-11-04 18:19:07 [INFO] 18:19:07 [INFO][ForkPoolWorker-2] β… 28κ° μ™„λ£ | μ§„ν–‰λ„ [352  / 1553] - κ°€μ „/TV
2025-11-04 18:20:36 [INFO] 18:20:36 [INFO][ForkPoolWorker-3] β… 12κ° μ™„λ£ | μ§„ν–‰λ„ [362  / 1553] - κ°€μ „/TV
2025-11-04 18:23:08 [INFO] 18:23:08 [INFO][ForkPoolWorker-2] β… 28κ° μ™„λ£ | μ§„ν–‰λ„ [353  / 1553] - κ°€μ „/TV
2025-11-04 18:24:40 [INFO] 18:24:40 [INFO][ForkPoolWorker-3] β… 28κ° μ™„λ£ | μ§„ν–‰λ„ [363  / 1553] - κ°€μ „/TV
2025-11-04 18:27:09 [INFO] 18:27:09 [INFO][ForkPoolWorker-2] β… 28κ° μ™„λ£ | μ§„ν–‰λ„ [354  / 1553] - κ°€μ „/TV
2025-11-04 18:28:41 [INFO] 18:28:41 [INFO][ForkPoolWorker-3] β… 28κ° μ™„λ£ | μ§„ν–‰λ„ [364  / 1553] - κ°€μ „/TV
2025-11-04 18:31:09 [INFO] 18:31:09 [INFO][ForkPoolWorker-2] β… 28κ° μ™„λ£ | μ§„ν–‰λ„ [355  / 1553] - κ°€μ „/TV
2025-11-04 18:32:41 [INFO] 18:32:41 [INFO][ForkPoolWorker-3] β… 28κ° μ™„λ£ | μ§„ν–‰λ„ [365  / 1553] - κ°€μ „/TV
2025-11-04 18:35:08 [INFO] 18:35:08 [INFO][ForkPoolWorker-2] β… 28κ° μ™„λ£ | μ§„ν–‰λ„ [356  / 1553] - κ°€μ „/TV
2025-11-04 18:36:40 [INFO] 18:36:40 [INFO][ForkPoolWorker-3] β… 28κ° μ™„λ£ | μ§„ν–‰λ„ [366  / 1553] - κ°€μ „/TV
2025-11-04 18:39:13 [INFO] 18:39:13 [INFO][ForkPoolWorker-2] β… 28κ° μ™„λ£ | μ§„ν–‰λ„ [357  / 1553] - κ°€μ „/TV
2025-11-04 18:40:38 [INFO] 18:40:38 [INFO][ForkPoolWorker-3] β… 28κ° μ™„λ£ | μ§„ν–‰λ„ [367  / 1553] - κ°€μ „/TV
2025-11-04 18:43:13 [INFO] 18:43:13 [INFO][ForkPoolWorker-2] β… 28κ° μ™„λ£ | μ§„ν–‰λ„ [358  / 1553] - κ°€μ „/TV
2025-11-04 18:44:38 [INFO] 18:44:38 [INFO][ForkPoolWorker-3] β… 28κ° μ™„λ£ | μ§„ν–‰λ„ [368  / 1553] - κ°€μ „/TV
2025-11-04 18:47:12 [INFO] 18:47:12 [INFO][ForkPoolWorker-2] β… 28κ° μ™„λ£ | μ§„ν–‰λ„ [359  / 1553] - κ°€μ „/TV
2025-11-04 18:48:37 [INFO] 18:48:37 [INFO][ForkPoolWorker-3] β… 28κ° μ™„λ£ | μ§„ν–‰λ„ [369  / 1553] - κ°€μ „/TV
2025-11-04 18:51:12 [INFO] 18:51:12 [INFO][ForkPoolWorker-2] β… 28κ° μ™„λ£ | μ§„ν–‰λ„ [360  / 1553] - κ°€μ „/TV
2025-11-04 18:51:13 [INFO] [33m18:51:13 [INFO][MainProcess] π’Ύ μ²΄ν¬ν¬μΈνΈ μ €μ¥ (5578κ°) β†’ /home/runner/work/crawd/crawd/workflowP/craw/data/quick_text_probe_parallel[0m
2025-11-04 18:51:28 [INFO] 18:51:28 [WARNING][ForkPoolWorker-2] β λ¬΄μ„ μ²­μ†κΈ° μ—λ¬: timeout: Timed out receiving message from renderer: 12.995
2025-11-04 18:51:28 [INFO]   (Session info: chrome=142.0.7444.59)
2025-11-04 18:52:36 [INFO] 18:52:36 [INFO][ForkPoolWorker-3] β… 28κ° μ™„λ£ | μ§„ν–‰λ„ [370  / 1553] - κ°€μ „/TV
2025-11-04 18:52:37 [INFO] [33m18:52:37 [INFO][MainProcess] π’Ύ μ²΄ν¬ν¬μΈνΈ μ €μ¥ (5588κ°) β†’ /home/runner/work/crawd/crawd/workflowP/craw/data/quick_text_probe_parallel[0m
2025-11-04 18:55:27 [INFO] 18:55:27 [INFO][ForkPoolWorker-2] β… 28κ° μ™„λ£ | μ§„ν–‰λ„ [372  / 1553] - κ°€μ „/TV
2025-11-04 18:56:39 [INFO] 18:56:39 [INFO][ForkPoolWorker-3] β… 28κ° μ™„λ£ | μ§„ν–‰λ„ [381  / 1553] - κ°€μ „/TV
2025-11-04 18:58:38 [INFO] 18:58:38 [INFO][ForkPoolWorker-3] β… 13κ° μ™„λ£ | μ§„ν–‰λ„ [382  / 1553] - κ°€μ „/TV
2025-11-04 18:59:28 [INFO] 18:59:28 [INFO][ForkPoolWorker-2] β… 28κ° μ™„λ£ | μ§„ν–‰λ„ [373  / 1553] - κ°€μ „/TV
2025-11-04 19:02:37 [INFO] 19:02:37 [INFO][ForkPoolWorker-3] β… 28κ° μ™„λ£ | μ§„ν–‰λ„ [383  / 1553] - κ°€μ „/TV
2025-11-04 19:03:31 [INFO] 19:03:31 [INFO][ForkPoolWorker-2] β… 28κ° μ™„λ£ | μ§„ν–‰λ„ [374  / 1553] - κ°€μ „/TV
2025-11-04 19:06:36 [INFO] 19:06:36 [INFO][ForkPoolWorker-3] β… 28κ° μ™„λ£ | μ§„ν–‰λ„ [384  / 1553] - κ°€μ „/TV
2025-11-04 19:07:30 [INFO] 19:07:30 [INFO][ForkPoolWorker-2] β… 28κ° μ™„λ£ | μ§„ν–‰λ„ [375  / 1553] - κ°€μ „/TV
2025-11-04 19:10:35 [INFO] 19:10:35 [INFO][ForkPoolWorker-3] β… 28κ° μ™„λ£ | μ§„ν–‰λ„ [385  / 1553] - κ°€μ „/TV
2025-11-04 19:11:30 [INFO] 19:11:30 [INFO][ForkPoolWorker-2] β… 28κ° μ™„λ£ | μ§„ν–‰λ„ [376  / 1553] - κ°€μ „/TV
2025-11-04 19:14:36 [INFO] 19:14:36 [INFO][ForkPoolWorker-3] β… 28κ° μ™„λ£ | μ§„ν–‰λ„ [386  / 1553] - κ°€μ „/TV
2025-11-04 19:15:31 [INFO] 19:15:31 [INFO][ForkPoolWorker-2] β… 28κ° μ™„λ£ | μ§„ν–‰λ„ [377  / 1553] - κ°€μ „/TV
2025-11-04 19:18:37 [INFO] 19:18:37 [INFO][ForkPoolWorker-3] β… 28κ° μ™„λ£ | μ§„ν–‰λ„ [387  / 1553] - κ°€μ „/TV
2025-11-04 19:19:30 [INFO] 19:19:30 [INFO][ForkPoolWorker-2] β… 28κ° μ™„λ£ | μ§„ν–‰λ„ [378  / 1553] - κ°€μ „/TV
2025-11-04 19:22:38 [INFO] 19:22:38 [INFO][ForkPoolWorker-3] β… 28κ° μ™„λ£ | μ§„ν–‰λ„ [388  / 1553] - κ°€μ „/TV
2025-11-04 19:23:28 [INFO] 19:23:28 [INFO][ForkPoolWorker-2] β… 28κ° μ™„λ£ | μ§„ν–‰λ„ [379  / 1553] - κ°€μ „/TV
2025-11-04 19:26:42 [INFO] 19:26:42 [INFO][ForkPoolWorker-3] β… 28κ° μ™„λ£ | μ§„ν–‰λ„ [389  / 1553] - κ°€μ „/TV
2025-11-04 19:27:28 [INFO] 19:27:28 [INFO][ForkPoolWorker-2] β… 28κ° μ™„λ£ | μ§„ν–‰λ„ [380  / 1553] - κ°€μ „/TV
2025-11-04 19:30:40 [INFO] 19:30:40 [INFO][ForkPoolWorker-3] β… 28κ° μ™„λ£ | μ§„ν–‰λ„ [390  / 1553] - κ°€μ „/TV
2025-11-04 19:30:41 [INFO] [33m19:30:41 [INFO][MainProcess] π’Ύ μ²΄ν¬ν¬μΈνΈ μ €μ¥ (5607κ°) β†’ /home/runner/work/crawd/crawd/workflowP/craw/data/quick_text_probe_parallel[0m
2025-11-04 19:31:30 [INFO] 19:31:30 [INFO][ForkPoolWorker-2] β… 28κ° μ™„λ£ | μ§„ν–‰λ„ [391  / 1553] - κ°€μ „/TV
2025-11-04 19:34:43 [INFO] 19:34:43 [INFO][ForkPoolWorker-3] β… 28κ° μ™„λ£ | μ§„ν–‰λ„ [401  / 1553] - κ°€μ „/TV
2025-11-04 19:35:31 [INFO] 19:35:31 [INFO][ForkPoolWorker-2] β… 28κ° μ™„λ£ | μ§„ν–‰λ„ [392  / 1553] - κ°€μ „/TV
2025-11-04 19:38:45 [INFO] 19:38:45 [INFO][ForkPoolWorker-3] β… 28κ° μ™„λ£ | μ§„ν–‰λ„ [402  / 1553] - κ°€μ „/TV
2025-11-04 19:39:30 [INFO] 19:39:30 [INFO][ForkPoolWorker-2] β… 28κ° μ™„λ£ | μ§„ν–‰λ„ [393  / 1553] - κ°€μ „/TV
2025-11-04 19:42:45 [INFO] 19:42:45 [INFO][ForkPoolWorker-3] β… 28κ° μ™„λ£ | μ§„ν–‰λ„ [403  / 1553] - κ°€μ „/TV
2025-11-04 19:43:32 [INFO] 19:43:32 [INFO][ForkPoolWorker-2] β… 28κ° μ™„λ£ | μ§„ν–‰λ„ [394  / 1553] - κ°€μ „/TV
2025-11-04 19:46:44 [INFO] 19:46:44 [INFO][ForkPoolWorker-3] β… 28κ° μ™„λ£ | μ§„ν–‰λ„ [404  / 1553] - κ°€μ „/TV
2025-11-04 19:47:32 [INFO] 19:47:32 [INFO][ForkPoolWorker-2] β… 28κ° μ™„λ£ | μ§„ν–‰λ„ [395  / 1553] - κ°€μ „/TV
2025-11-04 19:50:44 [INFO] 19:50:44 [INFO][ForkPoolWorker-3] β… 28κ° μ™„λ£ | μ§„ν–‰λ„ [405  / 1553] - κ°€μ „/TV
2025-11-04 19:51:31 [INFO] 19:51:31 [INFO][ForkPoolWorker-2] β… 28κ° μ™„λ£ | μ§„ν–‰λ„ [396  / 1553] - κ°€μ „/TV
2025-11-04 19:54:44 [INFO] 19:54:44 [INFO][ForkPoolWorker-3] β… 28κ° μ™„λ£ | μ§„ν–‰λ„ [406  / 1553] - κ°€μ „/TV
2025-11-04 19:55:31 [INFO] 19:55:31 [INFO][ForkPoolWorker-2] β… 28κ° μ™„λ£ | μ§„ν–‰λ„ [397  / 1553] - κ°€μ „/TV
2025-11-04 19:58:25 [INFO] 19:58:25 [INFO][ForkPoolWorker-2] β… 20κ° μ™„λ£ | μ§„ν–‰λ„ [398  / 1553] - κ°€μ „/TV
2025-11-04 19:58:47 [INFO] 19:58:47 [INFO][ForkPoolWorker-3] β… 28κ° μ™„λ£ | μ§„ν–‰λ„ [407  / 1553] - κ°€μ „/TV
2025-11-04 20:02:26 [INFO] 20:02:26 [INFO][ForkPoolWorker-2] β… 28κ° μ™„λ£ | μ§„ν–‰λ„ [399  / 1553] - κ°€μ „/TV
2025-11-04 20:02:48 [INFO] 20:02:48 [INFO][ForkPoolWorker-3] β… 28κ° μ™„λ£ | μ§„ν–‰λ„ [408  / 1553] - κ°€μ „/TV
2025-11-04 20:06:25 [INFO] 20:06:25 [INFO][ForkPoolWorker-2] β… 28κ° μ™„λ£ | μ§„ν–‰λ„ [400  / 1553] - κ°€μ „/TV
2025-11-04 20:06:26 [INFO] [33m20:06:26 [INFO][MainProcess] π’Ύ μ²΄ν¬ν¬μΈνΈ μ €μ¥ (5617κ°) β†’ /home/runner/work/crawd/crawd/workflowP/craw/data/quick_text_probe_parallel[0m
2025-11-04 20:06:47 [INFO] 20:06:47 [INFO][ForkPoolWorker-3] β… 28κ° μ™„λ£ | μ§„ν–‰λ„ [409  / 1553] - κ°€μ „/TV
2025-11-04 20:10:27 [INFO] 20:10:27 [INFO][ForkPoolWorker-2] β… 28κ° μ™„λ£ | μ§„ν–‰λ„ [411  / 1553] - κ°€μ „/TV
2025-11-04 20:10:46 [INFO] 20:10:46 [INFO][ForkPoolWorker-3] β… 28κ° μ™„λ£ | μ§„ν–‰λ„ [410  / 1553] - κ°€μ „/TV
2025-11-04 20:10:47 [INFO] [33m20:10:47 [INFO][MainProcess] π’Ύ μ²΄ν¬ν¬μΈνΈ μ €μ¥ (5627κ°) β†’ /home/runner/work/crawd/crawd/workflowP/craw/data/quick_text_probe_parallel[0m
2025-11-04 20:14:28 [INFO] 20:14:28 [INFO][ForkPoolWorker-2] β… 28κ° μ™„λ£ | μ§„ν–‰λ„ [412  / 1553] - κ°€μ „/TV
2025-11-04 20:14:50 [INFO] 20:14:50 [INFO][ForkPoolWorker-3] β… 28κ° μ™„λ£ | μ§„ν–‰λ„ [421  / 1553] - κ°€μ „/TV
2025-11-04 20:18:34 [INFO] 20:18:34 [INFO][ForkPoolWorker-2] β… 28κ° μ™„λ£ | μ§„ν–‰λ„ [413  / 1553] - κ°€μ „/TV
2025-11-04 20:18:49 [INFO] 20:18:49 [INFO][ForkPoolWorker-3] β… 28κ° μ™„λ£ | μ§„ν–‰λ„ [422  / 1553] - κ°€μ „/TV
2025-11-04 20:22:33 [INFO] 20:22:33 [INFO][ForkPoolWorker-2] β… 28κ° μ™„λ£ | μ§„ν–‰λ„ [414  / 1553] - κ°€μ „/TV
2025-11-04 20:22:50 [INFO] 20:22:50 [INFO][ForkPoolWorker-3] β… 28κ° μ™„λ£ | μ§„ν–‰λ„ [423  / 1553] - κ°€μ „/TV
2025-11-04 20:26:32 [INFO] 20:26:32 [INFO][ForkPoolWorker-2] β… 28κ° μ™„λ£ | μ§„ν–‰λ„ [415  / 1553] - κ°€μ „/TV
2025-11-04 20:26:48 [INFO] 20:26:48 [INFO][ForkPoolWorker-3] β… 28κ° μ™„λ£ | μ§„ν–‰λ„ [424  / 1553] - κ°€μ „/TV
2025-11-04 20:30:35 [INFO] 20:30:35 [INFO][ForkPoolWorker-2] β… 28κ° μ™„λ£ | μ§„ν–‰λ„ [416  / 1553] - κ°€μ „/TV
2025-11-04 20:30:47 [INFO] 20:30:47 [INFO][ForkPoolWorker-3] β… 28κ° μ™„λ£ | μ§„ν–‰λ„ [425  / 1553] - κ°€μ „/TV
2025-11-04 20:34:37 [INFO] 20:34:37 [INFO][ForkPoolWorker-2] β… 28κ° μ™„λ£ | μ§„ν–‰λ„ [417  / 1553] - κ°€μ „/TV
2025-11-04 20:34:50 [INFO] 20:34:50 [INFO][ForkPoolWorker-3] β… 28κ° μ™„λ£ | μ§„ν–‰λ„ [426  / 1553] - κ°€μ „/TV
2025-11-04 20:38:36 [INFO] 20:38:36 [INFO][ForkPoolWorker-2] β… 28κ° μ™„λ£ | μ§„ν–‰λ„ [418  / 1553] - κ°€μ „/TV
2025-11-04 20:38:49 [INFO] 20:38:49 [INFO][ForkPoolWorker-3] β… 28κ° μ™„λ£ | μ§„ν–‰λ„ [427  / 1553] - κ°€μ „/TV
2025-11-04 20:42:36 [INFO] 20:42:36 [INFO][ForkPoolWorker-2] β… 28κ° μ™„λ£ | μ§„ν–‰λ„ [419  / 1553] - κ°€μ „/TV
2025-11-04 20:42:49 [INFO] 20:42:49 [INFO][ForkPoolWorker-3] β… 28κ° μ™„λ£ | μ§„ν–‰λ„ [428  / 1553] - κ°€μ „/TV
2025-11-04 20:46:36 [INFO] 20:46:36 [INFO][ForkPoolWorker-2] β… 28κ° μ™„λ£ | μ§„ν–‰λ„ [420  / 1553] - κ°€μ „/TV
2025-11-04 20:46:37 [INFO] [33m20:46:37 [INFO][MainProcess] π’Ύ μ²΄ν¬ν¬μΈνΈ μ €μ¥ (5637κ°) β†’ /home/runner/work/crawd/crawd/workflowP/craw/data/quick_text_probe_parallel[0m
2025-11-04 20:46:48 [INFO] 20:46:48 [INFO][ForkPoolWorker-3] β… 28κ° μ™„λ£ | μ§„ν–‰λ„ [429  / 1553] - κ°€μ „/TV
2025-11-04 20:50:39 [INFO] 20:50:39 [INFO][ForkPoolWorker-2] β… 28κ° μ™„λ£ | μ§„ν–‰λ„ [431  / 1553] - κ°€μ „/TV
2025-11-04 20:50:47 [INFO] 20:50:47 [INFO][ForkPoolWorker-3] β… 28κ° μ™„λ£ | μ§„ν–‰λ„ [430  / 1553] - κ°€μ „/TV
2025-11-04 20:50:48 [INFO] [33m20:50:48 [INFO][MainProcess] π’Ύ μ²΄ν¬ν¬μΈνΈ μ €μ¥ (5647κ°) β†’ /home/runner/work/crawd/crawd/workflowP/craw/data/quick_text_probe_parallel[0m
2025-11-04 20:54:40 [INFO] 20:54:40 [INFO][ForkPoolWorker-2] β… 28κ° μ™„λ£ | μ§„ν–‰λ„ [432  / 1553] - νƒλΈ”λ¦Ώ/λ¨λ°”μΌ/λ””μΉ΄
2025-11-04 20:54:51 [INFO] 20:54:51 [INFO][ForkPoolWorker-3] β… 28κ° μ™„λ£ | μ§„ν–‰λ„ [441  / 1553] - νƒλΈ”λ¦Ώ/λ¨λ°”μΌ/λ””μΉ΄
2025-11-04 20:58:23 [INFO] 20:58:23 [INFO][ForkPoolWorker-2] β… 26κ° μ™„λ£ | μ§„ν–‰λ„ [433  / 1553] - νƒλΈ”λ¦Ώ/λ¨λ°”μΌ/λ””μΉ΄
2025-11-04 20:58:51 [INFO] 20:58:51 [INFO][ForkPoolWorker-3] β… 28κ° μ™„λ£ | μ§„ν–‰λ„ [442  / 1553] - νƒλΈ”λ¦Ώ/λ¨λ°”μΌ/λ””μΉ΄
2025-11-04 21:02:23 [INFO] 21:02:23 [INFO][ForkPoolWorker-2] β… 28κ° μ™„λ£ | μ§„ν–‰λ„ [434  / 1553] - νƒλΈ”λ¦Ώ/λ¨λ°”μΌ/λ””μΉ΄
2025-11-04 21:02:51 [INFO] 21:02:51 [INFO][ForkPoolWorker-3] β… 28κ° μ™„λ£ | μ§„ν–‰λ„ [443  / 1553] - νƒλΈ”λ¦Ώ/λ¨λ°”μΌ/λ””μΉ΄
2025-11-04 21:03:06 [INFO] 21:03:06 [WARNING][ForkPoolWorker-3] β μ›μΉμ•΅μ„Έμ„λ¦¬ μ—λ¬: timeout: Timed out receiving message from renderer: 13.180
2025-11-04 21:03:06 [INFO]   (Session info: chrome=142.0.7444.59)
2025-11-04 21:06:22 [INFO] 21:06:22 [INFO][ForkPoolWorker-2] β… 28κ° μ™„λ£ | μ§„ν–‰λ„ [435  / 1553] - νƒλΈ”λ¦Ώ/λ¨λ°”μΌ/λ””μΉ΄
2025-11-04 21:07:04 [INFO] 21:07:04 [INFO][ForkPoolWorker-3] β… 28κ° μ™„λ£ | μ§„ν–‰λ„ [445  / 1553] - νƒλΈ”λ¦Ώ/λ¨λ°”μΌ/λ””μΉ΄
2025-11-04 21:10:22 [INFO] 21:10:22 [INFO][ForkPoolWorker-2] β… 28κ° μ™„λ£ | μ§„ν–‰λ„ [436  / 1553] - νƒλΈ”λ¦Ώ/λ¨λ°”μΌ/λ””μΉ΄
2025-11-04 21:10:22 [ERROR] [31mμ¤ν¬λ¦½νΈ μ‹¤ν–‰ μ‹¤ν¨[1/3]: /home/runner/work/crawd/crawd/workflowP/craw/items/B_in_link_get_items.py - μ¤ν¬λ¦½νΈ νƒ€μ„μ•„μ›ƒ μ΄κ³Ό(21000s): /home/runner/work/crawd/crawd/workflowP/craw/items/B_in_link_get_items.py @ 2025-11-04T21:10:22.564249[0m
2025-11-04 21:10:24 [INFO] [34m=== μ¤ν¬λ¦½νΈ μ‹¤ν–‰ μ‹μ‘[2/3]: /home/runner/work/crawd/crawd/workflowP/craw/items/B_in_link_get_items.py @ 2025-11-04T21:10:24.564566 ===[0m
2025-11-04 21:10:25 [INFO] 21:10:25 [INFO][MainProcess] μ΄ 6811κ° μ¤‘ μƒμ„ 6792κ° λ§ν¬ λ³‘λ ¬ μ κ²€ μ‹μ‘ (μ΄μ „ μ™„λ£ 5644κ° μ¤ν‚µ)
2025-11-04 21:10:25 [INFO] 21:10:25 [INFO][MainProcess] κ° ν”„λ΅μ„Έμ¤λ‹Ή 10κ° λ§ν¬ μ²λ¦¬ μμ •
2025-11-04 21:10:44 [INFO] 21:10:44 [WARNING][ForkPoolWorker-3] λ©λ΅ν• λ³΄κΈ° νƒ­μ„ μ°Ύμ§€ λ»ν–μµλ‹λ‹¤ (url=https://prod.danawa.com/list/?cate=17340339&15main_17_03): TimeoutException
2025-11-04 21:10:47 [INFO] 21:10:47 [WARNING][ForkPoolWorker-2] λ©λ΅ν• λ³΄κΈ° νƒ­μ„ μ°Ύμ§€ λ»ν–μµλ‹λ‹¤ (url=https://prod.danawa.com/list/?cate=11239374&15main_11_02): TimeoutException
2025-11-04 21:11:12 [INFO] 21:11:12 [WARNING][ForkPoolWorker-3] λ©λ΅ν• λ³΄κΈ° νƒ­μ„ μ°Ύμ§€ λ»ν–μµλ‹λ‹¤ (url=https://prod.danawa.com/list/?cate=17339848&15main_17_03): TimeoutException
2025-11-04 21:11:21 [INFO] 21:11:21 [WARNING][ForkPoolWorker-2] λ©λ΅ν• λ³΄κΈ° νƒ­μ„ μ°Ύμ§€ λ»ν–μµλ‹λ‹¤ (url=https://prod.danawa.com/list/?cate=11330082&15main_11_03): TimeoutException
2025-11-04 21:11:39 [INFO] 21:11:39 [WARNING][ForkPoolWorker-3] λ©λ΅ν• λ³΄κΈ° νƒ­μ„ μ°Ύμ§€ λ»ν–μµλ‹λ‹¤ (url=https://prod.danawa.com/list/?cate=17331086&15main_17_03): TimeoutException
2025-11-04 21:11:50 [INFO] 21:11:50 [WARNING][ForkPoolWorker-2] λ©λ΅ν• λ³΄κΈ° νƒ­μ„ μ°Ύμ§€ λ»ν–μµλ‹λ‹¤ (url=https://prod.danawa.com/list/?cate=11340155&15main_11_03): TimeoutException
2025-11-04 21:12:07 [INFO] 21:12:07 [WARNING][ForkPoolWorker-3] λ©λ΅ν• λ³΄κΈ° νƒ­μ„ μ°Ύμ§€ λ»ν–μµλ‹λ‹¤ (url=https://prod.danawa.com/list/?cate=1734592&15main_17_03): TimeoutException
